<?xml version="1.0" encoding="UTF-8"?>
<testsuite xmlns:xsi="http://www.w3.org/2001/XMLSchema-instance" xsi:noNamespaceSchemaLocation="https://maven.apache.org/surefire/maven-surefire-plugin/xsd/surefire-test-report-3.0.xsd" version="3.0" name="com.example.zmart.ZMartTopologyTest" time="3.044" tests="17" errors="0" skipped="0" failures="0">
  <properties>
[...]
</properties>
  <testcase name="creditCardShouldBeMaskedBeforeReachingAnyOutputTopic" classname="com.example.zmart.ZMartTopologyTest" time="0.694">
    <system-out><![CDATA[23:09:17.828 [main] DEBUG org.apache.kafka.streams.kstream.internals.InternalStreamsBuilder -- Optimizing the Kafka Streams graph for null-key records
23:09:17.830 [main] DEBUG org.apache.kafka.streams.kstream.internals.InternalStreamsBuilder -- Adding nodes to topology StreamsGraphNode{nodeName='root', buildPriority=null, hasWrittenToTopology=false, keyChangingOperation=false, valueChangingOperation=false, mergeNode=false, parentNodes=[]} child nodes [TableSourceNode{materializedInternal=org.apache.kafka.streams.kstream.internals.MaterializedInternal@49ff7d8c, processorParameters=ProcessorParameters{processor supplier class=class org.apache.kafka.streams.kstream.internals.KTableSource, fixed key processor supplier class=null, processor name='KTABLE-SOURCE-0000000001'}, sourceName='KSTREAM-SOURCE-0000000000', isGlobalKTable=true} StreamsGraphNode{nodeName='null', buildPriority=0, hasWrittenToTopology=false, keyChangingOperation=false, valueChangingOperation=false, mergeNode=false, parentNodes=[root]}, StreamSourceNode{topicNames=[zmart.purchases.raw], topicPattern=null, consumedInternal=org.apache.kafka.streams.kstream.internals.ConsumedInternal@b2143eda} StreamsGraphNode{nodeName='KSTREAM-SOURCE-0000000002', buildPriority=1, hasWrittenToTopology=false, keyChangingOperation=false, valueChangingOperation=false, mergeNode=false, parentNodes=[root]}]
23:09:17.830 [main] DEBUG org.apache.kafka.streams.kstream.internals.InternalStreamsBuilder -- Adding nodes to topology TableSourceNode{materializedInternal=org.apache.kafka.streams.kstream.internals.MaterializedInternal@49ff7d8c, processorParameters=ProcessorParameters{processor supplier class=class org.apache.kafka.streams.kstream.internals.KTableSource, fixed key processor supplier class=null, processor name='KTABLE-SOURCE-0000000001'}, sourceName='KSTREAM-SOURCE-0000000000', isGlobalKTable=true} StreamsGraphNode{nodeName='null', buildPriority=0, hasWrittenToTopology=false, keyChangingOperation=false, valueChangingOperation=false, mergeNode=false, parentNodes=[root]} child nodes []
23:09:17.832 [main] DEBUG org.apache.kafka.streams.kstream.internals.InternalStreamsBuilder -- Adding nodes to topology StreamSourceNode{topicNames=[zmart.purchases.raw], topicPattern=null, consumedInternal=org.apache.kafka.streams.kstream.internals.ConsumedInternal@b2143eda} StreamsGraphNode{nodeName='KSTREAM-SOURCE-0000000002', buildPriority=1, hasWrittenToTopology=false, keyChangingOperation=false, valueChangingOperation=false, mergeNode=false, parentNodes=[root]} child nodes [ProcessorNode{processorParameters=ProcessorParameters{processor supplier class=null, fixed key processor supplier class=class org.apache.kafka.streams.kstream.internals.KStreamMapValues, processor name='KSTREAM-MAPVALUES-0000000003'}} StreamsGraphNode{nodeName='KSTREAM-MAPVALUES-0000000003', buildPriority=2, hasWrittenToTopology=false, keyChangingOperation=false, valueChangingOperation=true, mergeNode=false, parentNodes=[KSTREAM-SOURCE-0000000002]}]
23:09:17.832 [main] DEBUG org.apache.kafka.streams.kstream.internals.InternalStreamsBuilder -- Adding nodes to topology ProcessorNode{processorParameters=ProcessorParameters{processor supplier class=null, fixed key processor supplier class=class org.apache.kafka.streams.kstream.internals.KStreamMapValues, processor name='KSTREAM-MAPVALUES-0000000003'}} StreamsGraphNode{nodeName='KSTREAM-MAPVALUES-0000000003', buildPriority=2, hasWrittenToTopology=false, keyChangingOperation=false, valueChangingOperation=true, mergeNode=false, parentNodes=[KSTREAM-SOURCE-0000000002]} child nodes [ProcessorNode{processorParameters=ProcessorParameters{processor supplier class=null, fixed key processor supplier class=class org.apache.kafka.streams.kstream.internals.KStreamPeek, processor name='KSTREAM-PEEK-0000000004'}} StreamsGraphNode{nodeName='KSTREAM-PEEK-0000000004', buildPriority=3, hasWrittenToTopology=false, keyChangingOperation=false, valueChangingOperation=false, mergeNode=false, parentNodes=[KSTREAM-MAPVALUES-0000000003]}]
23:09:17.833 [main] DEBUG org.apache.kafka.streams.kstream.internals.InternalStreamsBuilder -- Adding nodes to topology ProcessorNode{processorParameters=ProcessorParameters{processor supplier class=null, fixed key processor supplier class=class org.apache.kafka.streams.kstream.internals.KStreamPeek, processor name='KSTREAM-PEEK-0000000004'}} StreamsGraphNode{nodeName='KSTREAM-PEEK-0000000004', buildPriority=3, hasWrittenToTopology=false, keyChangingOperation=false, valueChangingOperation=false, mergeNode=false, parentNodes=[KSTREAM-MAPVALUES-0000000003]} child nodes [ProcessorNode{processorParameters=ProcessorParameters{processor supplier class=null, fixed key processor supplier class=class org.apache.kafka.streams.kstream.internals.KStreamFilter, processor name='KSTREAM-FILTER-0000000005'}} StreamsGraphNode{nodeName='KSTREAM-FILTER-0000000005', buildPriority=4, hasWrittenToTopology=false, keyChangingOperation=false, valueChangingOperation=false, mergeNode=false, parentNodes=[KSTREAM-PEEK-0000000004]}, StreamTableJoinNode{storeNames=[], processorParameters=ProcessorParameters{processor supplier class=class org.apache.kafka.streams.kstream.internals.KStreamGlobalKTableJoin, fixed key processor supplier class=null, processor name='KSTREAM-LEFTJOIN-0000000024'}, otherJoinSideNodeName='null'} StreamsGraphNode{nodeName='KSTREAM-LEFTJOIN-0000000024', buildPriority=21, hasWrittenToTopology=false, keyChangingOperation=false, valueChangingOperation=false, mergeNode=false, parentNodes=[KSTREAM-PEEK-0000000004]}]
23:09:17.833 [main] DEBUG org.apache.kafka.streams.kstream.internals.InternalStreamsBuilder -- Adding nodes to topology ProcessorNode{processorParameters=ProcessorParameters{processor supplier class=null, fixed key processor supplier class=class org.apache.kafka.streams.kstream.internals.KStreamFilter, processor name='KSTREAM-FILTER-0000000005'}} StreamsGraphNode{nodeName='KSTREAM-FILTER-0000000005', buildPriority=4, hasWrittenToTopology=false, keyChangingOperation=false, valueChangingOperation=false, mergeNode=false, parentNodes=[KSTREAM-PEEK-0000000004]} child nodes [ProcessorNode{processorParameters=ProcessorParameters{processor supplier class=class org.apache.kafka.streams.kstream.internals.KStreamBranch, fixed key processor supplier class=null, processor name='dept-'}} StreamsGraphNode{nodeName='dept-', buildPriority=5, hasWrittenToTopology=false, keyChangingOperation=false, valueChangingOperation=false, mergeNode=false, parentNodes=[KSTREAM-FILTER-0000000005]}, ProcessorNode{processorParameters=ProcessorParameters{processor supplier class=null, fixed key processor supplier class=class org.apache.kafka.streams.kstream.internals.KStreamMapValues, processor name='KSTREAM-MAPVALUES-0000000013'}} StreamsGraphNode{nodeName='KSTREAM-MAPVALUES-0000000013', buildPriority=12, hasWrittenToTopology=false, keyChangingOperation=false, valueChangingOperation=true, mergeNode=false, parentNodes=[KSTREAM-FILTER-0000000005]}, ProcessorNode{processorParameters=ProcessorParameters{processor supplier class=class org.apache.kafka.streams.kstream.internals.KStreamMap, fixed key processor supplier class=null, processor name='KSTREAM-KEY-SELECT-0000000016'}} StreamsGraphNode{nodeName='KSTREAM-KEY-SELECT-0000000016', buildPriority=15, hasWrittenToTopology=false, keyChangingOperation=true, valueChangingOperation=false, mergeNode=false, parentNodes=[KSTREAM-FILTER-0000000005]}]
23:09:17.833 [main] DEBUG org.apache.kafka.streams.kstream.internals.InternalStreamsBuilder -- Adding nodes to topology ProcessorNode{processorParameters=ProcessorParameters{processor supplier class=class org.apache.kafka.streams.kstream.internals.KStreamBranch, fixed key processor supplier class=null, processor name='dept-'}} StreamsGraphNode{nodeName='dept-', buildPriority=5, hasWrittenToTopology=false, keyChangingOperation=false, valueChangingOperation=false, mergeNode=false, parentNodes=[KSTREAM-FILTER-0000000005]} child nodes [ProcessorNode{processorParameters=ProcessorParameters{processor supplier class=class org.apache.kafka.streams.kstream.internals.PassThrough, fixed key processor supplier class=null, processor name='dept-electronics'}} StreamsGraphNode{nodeName='dept-electronics', buildPriority=6, hasWrittenToTopology=false, keyChangingOperation=false, valueChangingOperation=false, mergeNode=false, parentNodes=[dept-]}, ProcessorNode{processorParameters=ProcessorParameters{processor supplier class=class org.apache.kafka.streams.kstream.internals.PassThrough, fixed key processor supplier class=null, processor name='dept-clothing'}} StreamsGraphNode{nodeName='dept-clothing', buildPriority=7, hasWrittenToTopology=false, keyChangingOperation=false, valueChangingOperation=false, mergeNode=false, parentNodes=[dept-]}, ProcessorNode{processorParameters=ProcessorParameters{processor supplier class=class org.apache.kafka.streams.kstream.internals.PassThrough, fixed key processor supplier class=null, processor name='dept-other'}} StreamsGraphNode{nodeName='dept-other', buildPriority=8, hasWrittenToTopology=false, keyChangingOperation=false, valueChangingOperation=false, mergeNode=false, parentNodes=[dept-]}]
23:09:17.834 [main] DEBUG org.apache.kafka.streams.kstream.internals.InternalStreamsBuilder -- Adding nodes to topology ProcessorNode{processorParameters=ProcessorParameters{processor supplier class=class org.apache.kafka.streams.kstream.internals.PassThrough, fixed key processor supplier class=null, processor name='dept-electronics'}} StreamsGraphNode{nodeName='dept-electronics', buildPriority=6, hasWrittenToTopology=false, keyChangingOperation=false, valueChangingOperation=false, mergeNode=false, parentNodes=[dept-]} child nodes [StreamSinkNode{topicNameExtractor=StaticTopicNameExtractor(zmart.purchases.electronics), producedInternal=org.apache.kafka.streams.kstream.internals.ProducedInternal@6c61301} StreamsGraphNode{nodeName='KSTREAM-SINK-0000000010', buildPriority=9, hasWrittenToTopology=false, keyChangingOperation=false, valueChangingOperation=false, mergeNode=false, parentNodes=[dept-electronics]}]
23:09:17.834 [main] DEBUG org.apache.kafka.streams.kstream.internals.InternalStreamsBuilder -- Adding nodes to topology ProcessorNode{processorParameters=ProcessorParameters{processor supplier class=class org.apache.kafka.streams.kstream.internals.PassThrough, fixed key processor supplier class=null, processor name='dept-clothing'}} StreamsGraphNode{nodeName='dept-clothing', buildPriority=7, hasWrittenToTopology=false, keyChangingOperation=false, valueChangingOperation=false, mergeNode=false, parentNodes=[dept-]} child nodes [StreamSinkNode{topicNameExtractor=StaticTopicNameExtractor(zmart.purchases.clothing), producedInternal=org.apache.kafka.streams.kstream.internals.ProducedInternal@2185326e} StreamsGraphNode{nodeName='KSTREAM-SINK-0000000011', buildPriority=10, hasWrittenToTopology=false, keyChangingOperation=false, valueChangingOperation=false, mergeNode=false, parentNodes=[dept-clothing]}]
23:09:17.834 [main] DEBUG org.apache.kafka.streams.kstream.internals.InternalStreamsBuilder -- Adding nodes to topology ProcessorNode{processorParameters=ProcessorParameters{processor supplier class=class org.apache.kafka.streams.kstream.internals.PassThrough, fixed key processor supplier class=null, processor name='dept-other'}} StreamsGraphNode{nodeName='dept-other', buildPriority=8, hasWrittenToTopology=false, keyChangingOperation=false, valueChangingOperation=false, mergeNode=false, parentNodes=[dept-]} child nodes [StreamSinkNode{topicNameExtractor=StaticTopicNameExtractor(zmart.purchases.masked), producedInternal=org.apache.kafka.streams.kstream.internals.ProducedInternal@a5febf33} StreamsGraphNode{nodeName='KSTREAM-SINK-0000000012', buildPriority=11, hasWrittenToTopology=false, keyChangingOperation=false, valueChangingOperation=false, mergeNode=false, parentNodes=[dept-other]}]
23:09:17.834 [main] DEBUG org.apache.kafka.streams.kstream.internals.InternalStreamsBuilder -- Adding nodes to topology StreamSinkNode{topicNameExtractor=StaticTopicNameExtractor(zmart.purchases.electronics), producedInternal=org.apache.kafka.streams.kstream.internals.ProducedInternal@6c61301} StreamsGraphNode{nodeName='KSTREAM-SINK-0000000010', buildPriority=9, hasWrittenToTopology=false, keyChangingOperation=false, valueChangingOperation=false, mergeNode=false, parentNodes=[dept-electronics]} child nodes []
23:09:17.835 [main] DEBUG org.apache.kafka.streams.kstream.internals.InternalStreamsBuilder -- Adding nodes to topology StreamSinkNode{topicNameExtractor=StaticTopicNameExtractor(zmart.purchases.clothing), producedInternal=org.apache.kafka.streams.kstream.internals.ProducedInternal@2185326e} StreamsGraphNode{nodeName='KSTREAM-SINK-0000000011', buildPriority=10, hasWrittenToTopology=false, keyChangingOperation=false, valueChangingOperation=false, mergeNode=false, parentNodes=[dept-clothing]} child nodes []
23:09:17.835 [main] DEBUG org.apache.kafka.streams.kstream.internals.InternalStreamsBuilder -- Adding nodes to topology StreamSinkNode{topicNameExtractor=StaticTopicNameExtractor(zmart.purchases.masked), producedInternal=org.apache.kafka.streams.kstream.internals.ProducedInternal@a5febf33} StreamsGraphNode{nodeName='KSTREAM-SINK-0000000012', buildPriority=11, hasWrittenToTopology=false, keyChangingOperation=false, valueChangingOperation=false, mergeNode=false, parentNodes=[dept-other]} child nodes []
23:09:17.835 [main] DEBUG org.apache.kafka.streams.kstream.internals.InternalStreamsBuilder -- Adding nodes to topology ProcessorNode{processorParameters=ProcessorParameters{processor supplier class=null, fixed key processor supplier class=class org.apache.kafka.streams.kstream.internals.KStreamMapValues, processor name='KSTREAM-MAPVALUES-0000000013'}} StreamsGraphNode{nodeName='KSTREAM-MAPVALUES-0000000013', buildPriority=12, hasWrittenToTopology=false, keyChangingOperation=false, valueChangingOperation=true, mergeNode=false, parentNodes=[KSTREAM-FILTER-0000000005]} child nodes [ProcessorNode{processorParameters=ProcessorParameters{processor supplier class=null, fixed key processor supplier class=class org.apache.kafka.streams.kstream.internals.KStreamPeek, processor name='KSTREAM-PEEK-0000000014'}} StreamsGraphNode{nodeName='KSTREAM-PEEK-0000000014', buildPriority=13, hasWrittenToTopology=false, keyChangingOperation=false, valueChangingOperation=false, mergeNode=false, parentNodes=[KSTREAM-MAPVALUES-0000000013]}]
23:09:17.835 [main] DEBUG org.apache.kafka.streams.kstream.internals.InternalStreamsBuilder -- Adding nodes to topology ProcessorNode{processorParameters=ProcessorParameters{processor supplier class=null, fixed key processor supplier class=class org.apache.kafka.streams.kstream.internals.KStreamPeek, processor name='KSTREAM-PEEK-0000000014'}} StreamsGraphNode{nodeName='KSTREAM-PEEK-0000000014', buildPriority=13, hasWrittenToTopology=false, keyChangingOperation=false, valueChangingOperation=false, mergeNode=false, parentNodes=[KSTREAM-MAPVALUES-0000000013]} child nodes [StreamSinkNode{topicNameExtractor=StaticTopicNameExtractor(zmart.purchase.patterns), producedInternal=org.apache.kafka.streams.kstream.internals.ProducedInternal@1a865104} StreamsGraphNode{nodeName='KSTREAM-SINK-0000000015', buildPriority=14, hasWrittenToTopology=false, keyChangingOperation=false, valueChangingOperation=false, mergeNode=false, parentNodes=[KSTREAM-PEEK-0000000014]}]
23:09:17.835 [main] DEBUG org.apache.kafka.streams.kstream.internals.InternalStreamsBuilder -- Adding nodes to topology StreamSinkNode{topicNameExtractor=StaticTopicNameExtractor(zmart.purchase.patterns), producedInternal=org.apache.kafka.streams.kstream.internals.ProducedInternal@1a865104} StreamsGraphNode{nodeName='KSTREAM-SINK-0000000015', buildPriority=14, hasWrittenToTopology=false, keyChangingOperation=false, valueChangingOperation=false, mergeNode=false, parentNodes=[KSTREAM-PEEK-0000000014]} child nodes []
23:09:17.835 [main] DEBUG org.apache.kafka.streams.kstream.internals.InternalStreamsBuilder -- Adding nodes to topology ProcessorNode{processorParameters=ProcessorParameters{processor supplier class=class org.apache.kafka.streams.kstream.internals.KStreamMap, fixed key processor supplier class=null, processor name='KSTREAM-KEY-SELECT-0000000016'}} StreamsGraphNode{nodeName='KSTREAM-KEY-SELECT-0000000016', buildPriority=15, hasWrittenToTopology=false, keyChangingOperation=true, valueChangingOperation=false, mergeNode=false, parentNodes=[KSTREAM-FILTER-0000000005]} child nodes [OptimizableRepartitionNode{ BaseRepartitionNode{keySerde=org.apache.kafka.common.serialization.Serdes$StringSerde@32a68f4f, valueSerde=org.apache.kafka.common.serialization.Serdes$WrapperSerde@73194df, sinkName='rewards-store-repartition-sink', sourceName='rewards-store-repartition-source', repartitionTopic='rewards-store-repartition', processorParameters=ProcessorParameters{processor supplier class=null, fixed key processor supplier class=class org.apache.kafka.streams.kstream.internals.KStreamFilter, processor name='rewards-store-repartition-filter'}', partitioner=null, internalTopicProperties=InternalTopicProperties{numberOfPartitions=null}} StreamsGraphNode{nodeName='rewards-store-repartition-source', buildPriority=16, hasWrittenToTopology=false, keyChangingOperation=false, valueChangingOperation=false, mergeNode=false, parentNodes=[KSTREAM-KEY-SELECT-0000000016]} }]
23:09:17.835 [main] DEBUG org.apache.kafka.streams.kstream.internals.InternalStreamsBuilder -- Adding nodes to topology OptimizableRepartitionNode{ BaseRepartitionNode{keySerde=org.apache.kafka.common.serialization.Serdes$StringSerde@32a68f4f, valueSerde=org.apache.kafka.common.serialization.Serdes$WrapperSerde@73194df, sinkName='rewards-store-repartition-sink', sourceName='rewards-store-repartition-source', repartitionTopic='rewards-store-repartition', processorParameters=ProcessorParameters{processor supplier class=null, fixed key processor supplier class=class org.apache.kafka.streams.kstream.internals.KStreamFilter, processor name='rewards-store-repartition-filter'}', partitioner=null, internalTopicProperties=InternalTopicProperties{numberOfPartitions=null}} StreamsGraphNode{nodeName='rewards-store-repartition-source', buildPriority=16, hasWrittenToTopology=false, keyChangingOperation=false, valueChangingOperation=false, mergeNode=false, parentNodes=[KSTREAM-KEY-SELECT-0000000016]} } child nodes [StatefulProcessorNode{storeNames=null, storeBuilder=org.apache.kafka.streams.kstream.internals.KeyValueStoreMaterializer@31dadd46} ProcessorNode{processorParameters=ProcessorParameters{processor supplier class=class org.apache.kafka.streams.kstream.internals.KStreamAggregate, fixed key processor supplier class=null, processor name='KSTREAM-AGGREGATE-0000000017'}} StreamsGraphNode{nodeName='KSTREAM-AGGREGATE-0000000017', buildPriority=17, hasWrittenToTopology=false, keyChangingOperation=false, valueChangingOperation=false, mergeNode=false, parentNodes=[rewards-store-repartition-source]}]
23:09:17.836 [main] DEBUG org.apache.kafka.streams.kstream.internals.InternalStreamsBuilder -- Adding nodes to topology StatefulProcessorNode{storeNames=null, storeBuilder=org.apache.kafka.streams.kstream.internals.KeyValueStoreMaterializer@31dadd46} ProcessorNode{processorParameters=ProcessorParameters{processor supplier class=class org.apache.kafka.streams.kstream.internals.KStreamAggregate, fixed key processor supplier class=null, processor name='KSTREAM-AGGREGATE-0000000017'}} StreamsGraphNode{nodeName='KSTREAM-AGGREGATE-0000000017', buildPriority=17, hasWrittenToTopology=false, keyChangingOperation=false, valueChangingOperation=false, mergeNode=false, parentNodes=[rewards-store-repartition-source]} child nodes [ProcessorNode{processorParameters=ProcessorParameters{processor supplier class=null, fixed key processor supplier class=class org.apache.kafka.streams.kstream.internals.KStreamMapValues, processor name='KTABLE-TOSTREAM-0000000021'}} StreamsGraphNode{nodeName='KTABLE-TOSTREAM-0000000021', buildPriority=18, hasWrittenToTopology=false, keyChangingOperation=false, valueChangingOperation=false, mergeNode=false, parentNodes=[KSTREAM-AGGREGATE-0000000017]}]
23:09:17.836 [main] DEBUG org.apache.kafka.streams.kstream.internals.InternalStreamsBuilder -- Adding nodes to topology ProcessorNode{processorParameters=ProcessorParameters{processor supplier class=null, fixed key processor supplier class=class org.apache.kafka.streams.kstream.internals.KStreamMapValues, processor name='KTABLE-TOSTREAM-0000000021'}} StreamsGraphNode{nodeName='KTABLE-TOSTREAM-0000000021', buildPriority=18, hasWrittenToTopology=false, keyChangingOperation=false, valueChangingOperation=false, mergeNode=false, parentNodes=[KSTREAM-AGGREGATE-0000000017]} child nodes [ProcessorNode{processorParameters=ProcessorParameters{processor supplier class=null, fixed key processor supplier class=class org.apache.kafka.streams.kstream.internals.KStreamPeek, processor name='KSTREAM-PEEK-0000000022'}} StreamsGraphNode{nodeName='KSTREAM-PEEK-0000000022', buildPriority=19, hasWrittenToTopology=false, keyChangingOperation=false, valueChangingOperation=false, mergeNode=false, parentNodes=[KTABLE-TOSTREAM-0000000021]}]
23:09:17.836 [main] DEBUG org.apache.kafka.streams.kstream.internals.InternalStreamsBuilder -- Adding nodes to topology ProcessorNode{processorParameters=ProcessorParameters{processor supplier class=null, fixed key processor supplier class=class org.apache.kafka.streams.kstream.internals.KStreamPeek, processor name='KSTREAM-PEEK-0000000022'}} StreamsGraphNode{nodeName='KSTREAM-PEEK-0000000022', buildPriority=19, hasWrittenToTopology=false, keyChangingOperation=false, valueChangingOperation=false, mergeNode=false, parentNodes=[KTABLE-TOSTREAM-0000000021]} child nodes [StreamSinkNode{topicNameExtractor=StaticTopicNameExtractor(zmart.rewards), producedInternal=org.apache.kafka.streams.kstream.internals.ProducedInternal@43307e20} StreamsGraphNode{nodeName='KSTREAM-SINK-0000000023', buildPriority=20, hasWrittenToTopology=false, keyChangingOperation=false, valueChangingOperation=false, mergeNode=false, parentNodes=[KSTREAM-PEEK-0000000022]}]
23:09:17.836 [main] DEBUG org.apache.kafka.streams.kstream.internals.InternalStreamsBuilder -- Adding nodes to topology StreamSinkNode{topicNameExtractor=StaticTopicNameExtractor(zmart.rewards), producedInternal=org.apache.kafka.streams.kstream.internals.ProducedInternal@43307e20} StreamsGraphNode{nodeName='KSTREAM-SINK-0000000023', buildPriority=20, hasWrittenToTopology=false, keyChangingOperation=false, valueChangingOperation=false, mergeNode=false, parentNodes=[KSTREAM-PEEK-0000000022]} child nodes []
23:09:17.836 [main] DEBUG org.apache.kafka.streams.kstream.internals.InternalStreamsBuilder -- Adding nodes to topology StreamTableJoinNode{storeNames=[], processorParameters=ProcessorParameters{processor supplier class=class org.apache.kafka.streams.kstream.internals.KStreamGlobalKTableJoin, fixed key processor supplier class=null, processor name='KSTREAM-LEFTJOIN-0000000024'}, otherJoinSideNodeName='null'} StreamsGraphNode{nodeName='KSTREAM-LEFTJOIN-0000000024', buildPriority=21, hasWrittenToTopology=false, keyChangingOperation=false, valueChangingOperation=false, mergeNode=false, parentNodes=[KSTREAM-PEEK-0000000004]} child nodes [StreamSinkNode{topicNameExtractor=StaticTopicNameExtractor(zmart.purchases.enriched), producedInternal=org.apache.kafka.streams.kstream.internals.ProducedInternal@16a096f2} StreamsGraphNode{nodeName='KSTREAM-SINK-0000000025', buildPriority=22, hasWrittenToTopology=false, keyChangingOperation=false, valueChangingOperation=false, mergeNode=false, parentNodes=[KSTREAM-LEFTJOIN-0000000024]}]
23:09:17.837 [main] DEBUG org.apache.kafka.streams.kstream.internals.InternalStreamsBuilder -- Adding nodes to topology StreamSinkNode{topicNameExtractor=StaticTopicNameExtractor(zmart.purchases.enriched), producedInternal=org.apache.kafka.streams.kstream.internals.ProducedInternal@16a096f2} StreamsGraphNode{nodeName='KSTREAM-SINK-0000000025', buildPriority=22, hasWrittenToTopology=false, keyChangingOperation=false, valueChangingOperation=false, mergeNode=false, parentNodes=[KSTREAM-LEFTJOIN-0000000024]} child nodes []
23:09:17.864 [main] DEBUG org.apache.kafka.streams.processor.internals.InternalTopologyBuilder -- No source topics using pattern subscription found, initializing consumer's subscription collection.
23:09:17.866 [main] WARN org.apache.kafka.streams.processor.internals.StateDirectory -- Using an OS temp directory in the state.dir property can cause failures with writing the checkpoint file due to the fact that this directory can be cleared by the OS. Resolved state.dir: [/var/folders/kr/k4fhgbg50vn9g2fkckml2zfc0000gn/T//kafka-streams]
23:09:18.206 [main] INFO org.apache.kafka.streams.state.internals.RocksDBTimestampedStore -- Opening store store-global-store in regular mode
23:09:18.207 [main] DEBUG org.apache.kafka.streams.state.internals.metrics.RocksDBMetricsRecorder -- [RocksDB Metrics Recorder for store-global-store] Adding metrics recorder of task -1_-1 to metrics recording trigger
23:09:18.207 [main] DEBUG org.apache.kafka.streams.state.internals.metrics.RocksDBMetricsRecorder -- [RocksDB Metrics Recorder for store-global-store] Adding value providers for store store-global-store of task -1_-1
23:09:18.210 [main] INFO org.apache.kafka.streams.processor.internals.GlobalStateManagerImpl -- topology-test-driver Restoring state for global store store-global-store
23:09:18.214 [main] INFO org.apache.kafka.clients.consumer.internals.SubscriptionState -- Seeking to earliest offset of partition zmart.stores-0
23:09:18.218 [main] DEBUG org.apache.kafka.streams.processor.internals.ProcessorStateManager -- topology-test-driver Created state store manager for task 0_0
23:09:18.224 [main] DEBUG org.apache.kafka.streams.processor.internals.ProcessorStateManager -- topology-test-driver Register global stores [org.apache.kafka.streams.state.internals.MeteredTimestampedKeyValueStore@1c9f0a20]
23:09:18.224 [main] DEBUG org.apache.kafka.streams.processor.internals.StreamTask -- stream-thread [main] task [0_0] Acquired state directory lock
23:09:18.275 [main] INFO org.apache.kafka.streams.state.internals.RocksDBTimestampedStore -- Opening store rewards-store in regular mode
23:09:18.276 [main] DEBUG org.apache.kafka.streams.state.internals.metrics.RocksDBMetricsRecorder -- [RocksDB Metrics Recorder for rewards-store] Adding metrics recorder of task 0_0 to metrics recording trigger
23:09:18.276 [main] DEBUG org.apache.kafka.streams.state.internals.metrics.RocksDBMetricsRecorder -- [RocksDB Metrics Recorder for rewards-store] Adding value providers for store rewards-store of task 0_0
23:09:18.276 [main] DEBUG org.apache.kafka.streams.processor.internals.ProcessorStateManager -- topology-test-driver Registered state store rewards-store to its state manager
23:09:18.276 [main] DEBUG org.apache.kafka.streams.processor.internals.StreamTask -- stream-thread [main] task [0_0] Registered state stores
23:09:18.276 [main] INFO org.apache.kafka.streams.processor.internals.ProcessorStateManager -- topology-test-driver State store rewards-store did not find checkpoint offset, hence would default to the starting offset at changelog zmart-test-rewards-store-changelog-0
23:09:18.276 [main] DEBUG org.apache.kafka.streams.processor.internals.StreamTask -- stream-thread [main] task [0_0] Initialized state stores
23:09:18.276 [main] INFO org.apache.kafka.streams.processor.internals.StreamTask -- stream-thread [main] task [0_0] Initialized
23:09:18.277 [main] DEBUG org.apache.kafka.streams.processor.internals.StreamTask -- stream-thread [main] task [0_0] No committed offset for partition zmart-test-rewards-store-repartition-0, therefore no timestamp can be found for this partition
23:09:18.277 [main] DEBUG org.apache.kafka.streams.processor.internals.StreamTask -- stream-thread [main] task [0_0] No committed offset for partition zmart.purchases.raw-0, therefore no timestamp can be found for this partition
23:09:18.278 [main] DEBUG org.apache.kafka.streams.processor.internals.StreamTask -- stream-thread [main] task [0_0] Checkpointable offsets {}
23:09:18.278 [main] DEBUG org.apache.kafka.streams.processor.internals.ProcessorStateManager -- topology-test-driver Flushing all stores registered in the state manager: {rewards-store=StateStoreMetadata (rewards-store : zmart-test-rewards-store-changelog-0 @ null}
23:09:18.279 [main] DEBUG org.apache.kafka.streams.processor.internals.ProcessorStateManager -- topology-test-driver Writing checkpoint: {zmart-test-rewards-store-changelog-0=-4} for task 0_0
23:09:18.283 [main] INFO org.apache.kafka.streams.processor.internals.StreamTask -- stream-thread [main] task [0_0] Restored and ready to run
23:09:18.322 [main] DEBUG com.example.zmart.ZMartTopology -- [MASK] key=key-1 cc=XXXX-XXXX-XXXX-9101
23:09:18.323 [main] DEBUG com.example.zmart.ZMartTopology -- [PATTERN] zip=00000 item=Test Item
23:09:18.324 [main] DEBUG org.apache.kafka.streams.processor.internals.ProcessorStateManager -- topology-test-driver Flushing all store caches registered in the state manager: {rewards-store=StateStoreMetadata (rewards-store : zmart-test-rewards-store-changelog-0 @ null}
23:09:18.325 [main] DEBUG org.apache.kafka.streams.processor.internals.RecordCollectorImpl -- topology-test-driver Flushing record collector
23:09:18.325 [main] DEBUG org.apache.kafka.streams.processor.internals.StreamTask -- stream-thread [main] task [0_0] Prepared RUNNING task for committing
23:09:18.325 [main] DEBUG org.apache.kafka.streams.processor.internals.StreamTask -- stream-thread [main] task [0_0] Checkpointable offsets {zmart.purchase.patterns-0=0, zmart-test-rewards-store-repartition-0=0, zmart.purchases.raw-0=0, zmart.purchases.masked-0=0}
23:09:18.325 [main] DEBUG org.apache.kafka.streams.processor.internals.ProcessorStateManager -- topology-test-driver Flushing all stores registered in the state manager: {rewards-store=StateStoreMetadata (rewards-store : zmart-test-rewards-store-changelog-0 @ null}
23:09:18.325 [main] DEBUG org.apache.kafka.streams.processor.internals.ProcessorStateManager -- topology-test-driver Writing checkpoint: {zmart-test-rewards-store-changelog-0=-4} for task 0_0
23:09:18.329 [main] DEBUG org.apache.kafka.streams.processor.internals.StreamTask -- stream-thread [main] task [0_0] Finalized commit for RUNNING task with eos false enforce checkpoint true
23:09:18.332 [main] DEBUG org.apache.kafka.streams.processor.internals.ProcessorStateManager -- topology-test-driver Flushing all store caches registered in the state manager: {rewards-store=StateStoreMetadata (rewards-store : zmart-test-rewards-store-changelog-0 @ null}
23:09:18.333 [main] INFO com.example.zmart.ZMartTopology -- [REWARDS] cust-001 → 5000 pts ($50.00 total)
23:09:18.334 [main] DEBUG org.apache.kafka.streams.processor.internals.RecordCollectorImpl -- topology-test-driver Flushing record collector
23:09:18.334 [main] DEBUG org.apache.kafka.streams.processor.internals.StreamTask -- stream-thread [main] task [0_0] Prepared RUNNING task for committing
23:09:18.334 [main] DEBUG org.apache.kafka.streams.processor.internals.StreamTask -- stream-thread [main] task [0_0] Checkpointable offsets {zmart.purchase.patterns-0=0, zmart-test-rewards-store-repartition-0=0, zmart.rewards-0=0, zmart.purchases.raw-0=0, zmart.purchases.masked-0=0, zmart-test-rewards-store-changelog-0=0}
23:09:18.334 [main] DEBUG org.apache.kafka.streams.processor.internals.ProcessorStateManager -- topology-test-driver State store rewards-store updated to written offset 0 at changelog zmart-test-rewards-store-changelog-0
23:09:18.334 [main] DEBUG org.apache.kafka.streams.processor.internals.ProcessorStateManager -- topology-test-driver Flushing all stores registered in the state manager: {rewards-store=StateStoreMetadata (rewards-store : zmart-test-rewards-store-changelog-0 @ 0}
23:09:18.344 [main] DEBUG org.apache.kafka.streams.processor.internals.ProcessorStateManager -- topology-test-driver Writing checkpoint: {zmart-test-rewards-store-changelog-0=0} for task 0_0
23:09:18.348 [main] DEBUG org.apache.kafka.streams.processor.internals.StreamTask -- stream-thread [main] task [0_0] Finalized commit for RUNNING task with eos false enforce checkpoint true
23:09:18.370 [main] INFO org.apache.kafka.streams.processor.internals.StreamTask -- stream-thread [main] task [0_0] Suspended from RUNNING
23:09:18.370 [main] DEBUG org.apache.kafka.streams.processor.internals.StreamTask -- stream-thread [main] task [0_0] Skipped preparing SUSPENDED task for commit since there is nothing to commit
23:09:18.370 [main] DEBUG org.apache.kafka.streams.processor.internals.StreamTask -- stream-thread [main] task [0_0] Checkpointable offsets {zmart.purchase.patterns-0=0, zmart-test-rewards-store-repartition-0=0, zmart.rewards-0=0, zmart.purchases.raw-0=0, zmart.purchases.masked-0=0, zmart-test-rewards-store-changelog-0=0}
23:09:18.370 [main] DEBUG org.apache.kafka.streams.processor.internals.ProcessorStateManager -- topology-test-driver State store rewards-store updated to written offset 0 at changelog zmart-test-rewards-store-changelog-0
23:09:18.370 [main] DEBUG org.apache.kafka.streams.processor.internals.ProcessorStateManager -- topology-test-driver Flushing all stores registered in the state manager: {rewards-store=StateStoreMetadata (rewards-store : zmart-test-rewards-store-changelog-0 @ 0}
23:09:18.373 [main] DEBUG org.apache.kafka.streams.processor.internals.ProcessorStateManager -- topology-test-driver Writing checkpoint: {zmart-test-rewards-store-changelog-0=0} for task 0_0
23:09:18.376 [main] DEBUG org.apache.kafka.streams.processor.internals.StreamTask -- stream-thread [main] task [0_0] Finalized commit for SUSPENDED task with enforce checkpoint true
23:09:18.378 [main] DEBUG org.apache.kafka.streams.processor.internals.ProcessorStateManager -- topology-test-driver Closing its state manager and all the registered state stores: {rewards-store=StateStoreMetadata (rewards-store : zmart-test-rewards-store-changelog-0 @ 0}
23:09:18.378 [main] DEBUG org.apache.kafka.streams.state.internals.metrics.RocksDBMetricsRecorder -- [RocksDB Metrics Recorder for rewards-store] Removing value providers for store rewards-store of task 0_0
23:09:18.379 [main] DEBUG org.apache.kafka.streams.state.internals.metrics.RocksDBMetricsRecorder -- [RocksDB Metrics Recorder for rewards-store] Removing metrics recorder for store rewards-store of task 0_0 from metrics recording trigger
23:09:18.379 [main] DEBUG org.apache.kafka.streams.processor.internals.StateDirectory -- stream-thread [main] Released state dir lock for task 0_0
23:09:18.379 [main] INFO org.apache.kafka.streams.processor.internals.RecordCollectorImpl -- topology-test-driver Closing record collector clean
23:09:18.379 [main] INFO org.apache.kafka.streams.processor.internals.StreamTask -- stream-thread [main] task [0_0] Closed clean
23:09:18.379 [main] DEBUG org.apache.kafka.streams.processor.internals.GlobalStateManagerImpl -- topology-test-driver Closing global storage engine store-global-store
23:09:18.379 [main] DEBUG org.apache.kafka.streams.state.internals.metrics.RocksDBMetricsRecorder -- [RocksDB Metrics Recorder for store-global-store] Removing value providers for store store-global-store of task -1_-1
23:09:18.379 [main] DEBUG org.apache.kafka.streams.state.internals.metrics.RocksDBMetricsRecorder -- [RocksDB Metrics Recorder for store-global-store] Removing metrics recorder for store store-global-store of task -1_-1 from metrics recording trigger
23:09:18.380 [main] INFO org.apache.kafka.streams.processor.internals.StateDirectory -- stream-thread [main] Deleting task directory 0_0 for 0_0 as user calling cleanup.
]]></system-out>
  </testcase>
  <testcase name="maskCreditCard_shouldHandleCardNumberWithoutDashes" classname="com.example.zmart.ZMartTopologyTest" time="0.136">
    <system-out><![CDATA[23:09:18.387 [main] DEBUG org.apache.kafka.streams.kstream.internals.InternalStreamsBuilder -- Optimizing the Kafka Streams graph for null-key records
23:09:18.387 [main] DEBUG org.apache.kafka.streams.kstream.internals.InternalStreamsBuilder -- Adding nodes to topology StreamsGraphNode{nodeName='root', buildPriority=null, hasWrittenToTopology=false, keyChangingOperation=false, valueChangingOperation=false, mergeNode=false, parentNodes=[]} child nodes [TableSourceNode{materializedInternal=org.apache.kafka.streams.kstream.internals.MaterializedInternal@66f66866, processorParameters=ProcessorParameters{processor supplier class=class org.apache.kafka.streams.kstream.internals.KTableSource, fixed key processor supplier class=null, processor name='KTABLE-SOURCE-0000000001'}, sourceName='KSTREAM-SOURCE-0000000000', isGlobalKTable=true} StreamsGraphNode{nodeName='null', buildPriority=0, hasWrittenToTopology=false, keyChangingOperation=false, valueChangingOperation=false, mergeNode=false, parentNodes=[root]}, StreamSourceNode{topicNames=[zmart.purchases.raw], topicPattern=null, consumedInternal=org.apache.kafka.streams.kstream.internals.ConsumedInternal@f7412b90} StreamsGraphNode{nodeName='KSTREAM-SOURCE-0000000002', buildPriority=1, hasWrittenToTopology=false, keyChangingOperation=false, valueChangingOperation=false, mergeNode=false, parentNodes=[root]}]
23:09:18.387 [main] DEBUG org.apache.kafka.streams.kstream.internals.InternalStreamsBuilder -- Adding nodes to topology TableSourceNode{materializedInternal=org.apache.kafka.streams.kstream.internals.MaterializedInternal@66f66866, processorParameters=ProcessorParameters{processor supplier class=class org.apache.kafka.streams.kstream.internals.KTableSource, fixed key processor supplier class=null, processor name='KTABLE-SOURCE-0000000001'}, sourceName='KSTREAM-SOURCE-0000000000', isGlobalKTable=true} StreamsGraphNode{nodeName='null', buildPriority=0, hasWrittenToTopology=false, keyChangingOperation=false, valueChangingOperation=false, mergeNode=false, parentNodes=[root]} child nodes []
23:09:18.387 [main] DEBUG org.apache.kafka.streams.kstream.internals.InternalStreamsBuilder -- Adding nodes to topology StreamSourceNode{topicNames=[zmart.purchases.raw], topicPattern=null, consumedInternal=org.apache.kafka.streams.kstream.internals.ConsumedInternal@f7412b90} StreamsGraphNode{nodeName='KSTREAM-SOURCE-0000000002', buildPriority=1, hasWrittenToTopology=false, keyChangingOperation=false, valueChangingOperation=false, mergeNode=false, parentNodes=[root]} child nodes [ProcessorNode{processorParameters=ProcessorParameters{processor supplier class=null, fixed key processor supplier class=class org.apache.kafka.streams.kstream.internals.KStreamMapValues, processor name='KSTREAM-MAPVALUES-0000000003'}} StreamsGraphNode{nodeName='KSTREAM-MAPVALUES-0000000003', buildPriority=2, hasWrittenToTopology=false, keyChangingOperation=false, valueChangingOperation=true, mergeNode=false, parentNodes=[KSTREAM-SOURCE-0000000002]}]
23:09:18.387 [main] DEBUG org.apache.kafka.streams.kstream.internals.InternalStreamsBuilder -- Adding nodes to topology ProcessorNode{processorParameters=ProcessorParameters{processor supplier class=null, fixed key processor supplier class=class org.apache.kafka.streams.kstream.internals.KStreamMapValues, processor name='KSTREAM-MAPVALUES-0000000003'}} StreamsGraphNode{nodeName='KSTREAM-MAPVALUES-0000000003', buildPriority=2, hasWrittenToTopology=false, keyChangingOperation=false, valueChangingOperation=true, mergeNode=false, parentNodes=[KSTREAM-SOURCE-0000000002]} child nodes [ProcessorNode{processorParameters=ProcessorParameters{processor supplier class=null, fixed key processor supplier class=class org.apache.kafka.streams.kstream.internals.KStreamPeek, processor name='KSTREAM-PEEK-0000000004'}} StreamsGraphNode{nodeName='KSTREAM-PEEK-0000000004', buildPriority=3, hasWrittenToTopology=false, keyChangingOperation=false, valueChangingOperation=false, mergeNode=false, parentNodes=[KSTREAM-MAPVALUES-0000000003]}]
23:09:18.387 [main] DEBUG org.apache.kafka.streams.kstream.internals.InternalStreamsBuilder -- Adding nodes to topology ProcessorNode{processorParameters=ProcessorParameters{processor supplier class=null, fixed key processor supplier class=class org.apache.kafka.streams.kstream.internals.KStreamPeek, processor name='KSTREAM-PEEK-0000000004'}} StreamsGraphNode{nodeName='KSTREAM-PEEK-0000000004', buildPriority=3, hasWrittenToTopology=false, keyChangingOperation=false, valueChangingOperation=false, mergeNode=false, parentNodes=[KSTREAM-MAPVALUES-0000000003]} child nodes [ProcessorNode{processorParameters=ProcessorParameters{processor supplier class=null, fixed key processor supplier class=class org.apache.kafka.streams.kstream.internals.KStreamFilter, processor name='KSTREAM-FILTER-0000000005'}} StreamsGraphNode{nodeName='KSTREAM-FILTER-0000000005', buildPriority=4, hasWrittenToTopology=false, keyChangingOperation=false, valueChangingOperation=false, mergeNode=false, parentNodes=[KSTREAM-PEEK-0000000004]}, StreamTableJoinNode{storeNames=[], processorParameters=ProcessorParameters{processor supplier class=class org.apache.kafka.streams.kstream.internals.KStreamGlobalKTableJoin, fixed key processor supplier class=null, processor name='KSTREAM-LEFTJOIN-0000000024'}, otherJoinSideNodeName='null'} StreamsGraphNode{nodeName='KSTREAM-LEFTJOIN-0000000024', buildPriority=21, hasWrittenToTopology=false, keyChangingOperation=false, valueChangingOperation=false, mergeNode=false, parentNodes=[KSTREAM-PEEK-0000000004]}]
23:09:18.387 [main] DEBUG org.apache.kafka.streams.kstream.internals.InternalStreamsBuilder -- Adding nodes to topology ProcessorNode{processorParameters=ProcessorParameters{processor supplier class=null, fixed key processor supplier class=class org.apache.kafka.streams.kstream.internals.KStreamFilter, processor name='KSTREAM-FILTER-0000000005'}} StreamsGraphNode{nodeName='KSTREAM-FILTER-0000000005', buildPriority=4, hasWrittenToTopology=false, keyChangingOperation=false, valueChangingOperation=false, mergeNode=false, parentNodes=[KSTREAM-PEEK-0000000004]} child nodes [ProcessorNode{processorParameters=ProcessorParameters{processor supplier class=class org.apache.kafka.streams.kstream.internals.KStreamBranch, fixed key processor supplier class=null, processor name='dept-'}} StreamsGraphNode{nodeName='dept-', buildPriority=5, hasWrittenToTopology=false, keyChangingOperation=false, valueChangingOperation=false, mergeNode=false, parentNodes=[KSTREAM-FILTER-0000000005]}, ProcessorNode{processorParameters=ProcessorParameters{processor supplier class=null, fixed key processor supplier class=class org.apache.kafka.streams.kstream.internals.KStreamMapValues, processor name='KSTREAM-MAPVALUES-0000000013'}} StreamsGraphNode{nodeName='KSTREAM-MAPVALUES-0000000013', buildPriority=12, hasWrittenToTopology=false, keyChangingOperation=false, valueChangingOperation=true, mergeNode=false, parentNodes=[KSTREAM-FILTER-0000000005]}, ProcessorNode{processorParameters=ProcessorParameters{processor supplier class=class org.apache.kafka.streams.kstream.internals.KStreamMap, fixed key processor supplier class=null, processor name='KSTREAM-KEY-SELECT-0000000016'}} StreamsGraphNode{nodeName='KSTREAM-KEY-SELECT-0000000016', buildPriority=15, hasWrittenToTopology=false, keyChangingOperation=true, valueChangingOperation=false, mergeNode=false, parentNodes=[KSTREAM-FILTER-0000000005]}]
23:09:18.387 [main] DEBUG org.apache.kafka.streams.kstream.internals.InternalStreamsBuilder -- Adding nodes to topology ProcessorNode{processorParameters=ProcessorParameters{processor supplier class=class org.apache.kafka.streams.kstream.internals.KStreamBranch, fixed key processor supplier class=null, processor name='dept-'}} StreamsGraphNode{nodeName='dept-', buildPriority=5, hasWrittenToTopology=false, keyChangingOperation=false, valueChangingOperation=false, mergeNode=false, parentNodes=[KSTREAM-FILTER-0000000005]} child nodes [ProcessorNode{processorParameters=ProcessorParameters{processor supplier class=class org.apache.kafka.streams.kstream.internals.PassThrough, fixed key processor supplier class=null, processor name='dept-electronics'}} StreamsGraphNode{nodeName='dept-electronics', buildPriority=6, hasWrittenToTopology=false, keyChangingOperation=false, valueChangingOperation=false, mergeNode=false, parentNodes=[dept-]}, ProcessorNode{processorParameters=ProcessorParameters{processor supplier class=class org.apache.kafka.streams.kstream.internals.PassThrough, fixed key processor supplier class=null, processor name='dept-clothing'}} StreamsGraphNode{nodeName='dept-clothing', buildPriority=7, hasWrittenToTopology=false, keyChangingOperation=false, valueChangingOperation=false, mergeNode=false, parentNodes=[dept-]}, ProcessorNode{processorParameters=ProcessorParameters{processor supplier class=class org.apache.kafka.streams.kstream.internals.PassThrough, fixed key processor supplier class=null, processor name='dept-other'}} StreamsGraphNode{nodeName='dept-other', buildPriority=8, hasWrittenToTopology=false, keyChangingOperation=false, valueChangingOperation=false, mergeNode=false, parentNodes=[dept-]}]
23:09:18.388 [main] DEBUG org.apache.kafka.streams.kstream.internals.InternalStreamsBuilder -- Adding nodes to topology ProcessorNode{processorParameters=ProcessorParameters{processor supplier class=class org.apache.kafka.streams.kstream.internals.PassThrough, fixed key processor supplier class=null, processor name='dept-electronics'}} StreamsGraphNode{nodeName='dept-electronics', buildPriority=6, hasWrittenToTopology=false, keyChangingOperation=false, valueChangingOperation=false, mergeNode=false, parentNodes=[dept-]} child nodes [StreamSinkNode{topicNameExtractor=StaticTopicNameExtractor(zmart.purchases.electronics), producedInternal=org.apache.kafka.streams.kstream.internals.ProducedInternal@3f26d523} StreamsGraphNode{nodeName='KSTREAM-SINK-0000000010', buildPriority=9, hasWrittenToTopology=false, keyChangingOperation=false, valueChangingOperation=false, mergeNode=false, parentNodes=[dept-electronics]}]
23:09:18.388 [main] DEBUG org.apache.kafka.streams.kstream.internals.InternalStreamsBuilder -- Adding nodes to topology ProcessorNode{processorParameters=ProcessorParameters{processor supplier class=class org.apache.kafka.streams.kstream.internals.PassThrough, fixed key processor supplier class=null, processor name='dept-clothing'}} StreamsGraphNode{nodeName='dept-clothing', buildPriority=7, hasWrittenToTopology=false, keyChangingOperation=false, valueChangingOperation=false, mergeNode=false, parentNodes=[dept-]} child nodes [StreamSinkNode{topicNameExtractor=StaticTopicNameExtractor(zmart.purchases.clothing), producedInternal=org.apache.kafka.streams.kstream.internals.ProducedInternal@fc3c5c67} StreamsGraphNode{nodeName='KSTREAM-SINK-0000000011', buildPriority=10, hasWrittenToTopology=false, keyChangingOperation=false, valueChangingOperation=false, mergeNode=false, parentNodes=[dept-clothing]}]
23:09:18.388 [main] DEBUG org.apache.kafka.streams.kstream.internals.InternalStreamsBuilder -- Adding nodes to topology ProcessorNode{processorParameters=ProcessorParameters{processor supplier class=class org.apache.kafka.streams.kstream.internals.PassThrough, fixed key processor supplier class=null, processor name='dept-other'}} StreamsGraphNode{nodeName='dept-other', buildPriority=8, hasWrittenToTopology=false, keyChangingOperation=false, valueChangingOperation=false, mergeNode=false, parentNodes=[dept-]} child nodes [StreamSinkNode{topicNameExtractor=StaticTopicNameExtractor(zmart.purchases.masked), producedInternal=org.apache.kafka.streams.kstream.internals.ProducedInternal@323ca1be} StreamsGraphNode{nodeName='KSTREAM-SINK-0000000012', buildPriority=11, hasWrittenToTopology=false, keyChangingOperation=false, valueChangingOperation=false, mergeNode=false, parentNodes=[dept-other]}]
23:09:18.388 [main] DEBUG org.apache.kafka.streams.kstream.internals.InternalStreamsBuilder -- Adding nodes to topology StreamSinkNode{topicNameExtractor=StaticTopicNameExtractor(zmart.purchases.electronics), producedInternal=org.apache.kafka.streams.kstream.internals.ProducedInternal@3f26d523} StreamsGraphNode{nodeName='KSTREAM-SINK-0000000010', buildPriority=9, hasWrittenToTopology=false, keyChangingOperation=false, valueChangingOperation=false, mergeNode=false, parentNodes=[dept-electronics]} child nodes []
23:09:18.388 [main] DEBUG org.apache.kafka.streams.kstream.internals.InternalStreamsBuilder -- Adding nodes to topology StreamSinkNode{topicNameExtractor=StaticTopicNameExtractor(zmart.purchases.clothing), producedInternal=org.apache.kafka.streams.kstream.internals.ProducedInternal@fc3c5c67} StreamsGraphNode{nodeName='KSTREAM-SINK-0000000011', buildPriority=10, hasWrittenToTopology=false, keyChangingOperation=false, valueChangingOperation=false, mergeNode=false, parentNodes=[dept-clothing]} child nodes []
23:09:18.388 [main] DEBUG org.apache.kafka.streams.kstream.internals.InternalStreamsBuilder -- Adding nodes to topology StreamSinkNode{topicNameExtractor=StaticTopicNameExtractor(zmart.purchases.masked), producedInternal=org.apache.kafka.streams.kstream.internals.ProducedInternal@323ca1be} StreamsGraphNode{nodeName='KSTREAM-SINK-0000000012', buildPriority=11, hasWrittenToTopology=false, keyChangingOperation=false, valueChangingOperation=false, mergeNode=false, parentNodes=[dept-other]} child nodes []
23:09:18.388 [main] DEBUG org.apache.kafka.streams.kstream.internals.InternalStreamsBuilder -- Adding nodes to topology ProcessorNode{processorParameters=ProcessorParameters{processor supplier class=null, fixed key processor supplier class=class org.apache.kafka.streams.kstream.internals.KStreamMapValues, processor name='KSTREAM-MAPVALUES-0000000013'}} StreamsGraphNode{nodeName='KSTREAM-MAPVALUES-0000000013', buildPriority=12, hasWrittenToTopology=false, keyChangingOperation=false, valueChangingOperation=true, mergeNode=false, parentNodes=[KSTREAM-FILTER-0000000005]} child nodes [ProcessorNode{processorParameters=ProcessorParameters{processor supplier class=null, fixed key processor supplier class=class org.apache.kafka.streams.kstream.internals.KStreamPeek, processor name='KSTREAM-PEEK-0000000014'}} StreamsGraphNode{nodeName='KSTREAM-PEEK-0000000014', buildPriority=13, hasWrittenToTopology=false, keyChangingOperation=false, valueChangingOperation=false, mergeNode=false, parentNodes=[KSTREAM-MAPVALUES-0000000013]}]
23:09:18.388 [main] DEBUG org.apache.kafka.streams.kstream.internals.InternalStreamsBuilder -- Adding nodes to topology ProcessorNode{processorParameters=ProcessorParameters{processor supplier class=null, fixed key processor supplier class=class org.apache.kafka.streams.kstream.internals.KStreamPeek, processor name='KSTREAM-PEEK-0000000014'}} StreamsGraphNode{nodeName='KSTREAM-PEEK-0000000014', buildPriority=13, hasWrittenToTopology=false, keyChangingOperation=false, valueChangingOperation=false, mergeNode=false, parentNodes=[KSTREAM-MAPVALUES-0000000013]} child nodes [StreamSinkNode{topicNameExtractor=StaticTopicNameExtractor(zmart.purchase.patterns), producedInternal=org.apache.kafka.streams.kstream.internals.ProducedInternal@25f9260b} StreamsGraphNode{nodeName='KSTREAM-SINK-0000000015', buildPriority=14, hasWrittenToTopology=false, keyChangingOperation=false, valueChangingOperation=false, mergeNode=false, parentNodes=[KSTREAM-PEEK-0000000014]}]
23:09:18.388 [main] DEBUG org.apache.kafka.streams.kstream.internals.InternalStreamsBuilder -- Adding nodes to topology StreamSinkNode{topicNameExtractor=StaticTopicNameExtractor(zmart.purchase.patterns), producedInternal=org.apache.kafka.streams.kstream.internals.ProducedInternal@25f9260b} StreamsGraphNode{nodeName='KSTREAM-SINK-0000000015', buildPriority=14, hasWrittenToTopology=false, keyChangingOperation=false, valueChangingOperation=false, mergeNode=false, parentNodes=[KSTREAM-PEEK-0000000014]} child nodes []
23:09:18.388 [main] DEBUG org.apache.kafka.streams.kstream.internals.InternalStreamsBuilder -- Adding nodes to topology ProcessorNode{processorParameters=ProcessorParameters{processor supplier class=class org.apache.kafka.streams.kstream.internals.KStreamMap, fixed key processor supplier class=null, processor name='KSTREAM-KEY-SELECT-0000000016'}} StreamsGraphNode{nodeName='KSTREAM-KEY-SELECT-0000000016', buildPriority=15, hasWrittenToTopology=false, keyChangingOperation=true, valueChangingOperation=false, mergeNode=false, parentNodes=[KSTREAM-FILTER-0000000005]} child nodes [OptimizableRepartitionNode{ BaseRepartitionNode{keySerde=org.apache.kafka.common.serialization.Serdes$StringSerde@669d2b1b, valueSerde=org.apache.kafka.common.serialization.Serdes$WrapperSerde@721eb7df, sinkName='rewards-store-repartition-sink', sourceName='rewards-store-repartition-source', repartitionTopic='rewards-store-repartition', processorParameters=ProcessorParameters{processor supplier class=null, fixed key processor supplier class=class org.apache.kafka.streams.kstream.internals.KStreamFilter, processor name='rewards-store-repartition-filter'}', partitioner=null, internalTopicProperties=InternalTopicProperties{numberOfPartitions=null}} StreamsGraphNode{nodeName='rewards-store-repartition-source', buildPriority=16, hasWrittenToTopology=false, keyChangingOperation=false, valueChangingOperation=false, mergeNode=false, parentNodes=[KSTREAM-KEY-SELECT-0000000016]} }]
23:09:18.388 [main] DEBUG org.apache.kafka.streams.kstream.internals.InternalStreamsBuilder -- Adding nodes to topology OptimizableRepartitionNode{ BaseRepartitionNode{keySerde=org.apache.kafka.common.serialization.Serdes$StringSerde@669d2b1b, valueSerde=org.apache.kafka.common.serialization.Serdes$WrapperSerde@721eb7df, sinkName='rewards-store-repartition-sink', sourceName='rewards-store-repartition-source', repartitionTopic='rewards-store-repartition', processorParameters=ProcessorParameters{processor supplier class=null, fixed key processor supplier class=class org.apache.kafka.streams.kstream.internals.KStreamFilter, processor name='rewards-store-repartition-filter'}', partitioner=null, internalTopicProperties=InternalTopicProperties{numberOfPartitions=null}} StreamsGraphNode{nodeName='rewards-store-repartition-source', buildPriority=16, hasWrittenToTopology=false, keyChangingOperation=false, valueChangingOperation=false, mergeNode=false, parentNodes=[KSTREAM-KEY-SELECT-0000000016]} } child nodes [StatefulProcessorNode{storeNames=null, storeBuilder=org.apache.kafka.streams.kstream.internals.KeyValueStoreMaterializer@1ea9f009} ProcessorNode{processorParameters=ProcessorParameters{processor supplier class=class org.apache.kafka.streams.kstream.internals.KStreamAggregate, fixed key processor supplier class=null, processor name='KSTREAM-AGGREGATE-0000000017'}} StreamsGraphNode{nodeName='KSTREAM-AGGREGATE-0000000017', buildPriority=17, hasWrittenToTopology=false, keyChangingOperation=false, valueChangingOperation=false, mergeNode=false, parentNodes=[rewards-store-repartition-source]}]
23:09:18.388 [main] DEBUG org.apache.kafka.streams.kstream.internals.InternalStreamsBuilder -- Adding nodes to topology StatefulProcessorNode{storeNames=null, storeBuilder=org.apache.kafka.streams.kstream.internals.KeyValueStoreMaterializer@1ea9f009} ProcessorNode{processorParameters=ProcessorParameters{processor supplier class=class org.apache.kafka.streams.kstream.internals.KStreamAggregate, fixed key processor supplier class=null, processor name='KSTREAM-AGGREGATE-0000000017'}} StreamsGraphNode{nodeName='KSTREAM-AGGREGATE-0000000017', buildPriority=17, hasWrittenToTopology=false, keyChangingOperation=false, valueChangingOperation=false, mergeNode=false, parentNodes=[rewards-store-repartition-source]} child nodes [ProcessorNode{processorParameters=ProcessorParameters{processor supplier class=null, fixed key processor supplier class=class org.apache.kafka.streams.kstream.internals.KStreamMapValues, processor name='KTABLE-TOSTREAM-0000000021'}} StreamsGraphNode{nodeName='KTABLE-TOSTREAM-0000000021', buildPriority=18, hasWrittenToTopology=false, keyChangingOperation=false, valueChangingOperation=false, mergeNode=false, parentNodes=[KSTREAM-AGGREGATE-0000000017]}]
23:09:18.388 [main] DEBUG org.apache.kafka.streams.kstream.internals.InternalStreamsBuilder -- Adding nodes to topology ProcessorNode{processorParameters=ProcessorParameters{processor supplier class=null, fixed key processor supplier class=class org.apache.kafka.streams.kstream.internals.KStreamMapValues, processor name='KTABLE-TOSTREAM-0000000021'}} StreamsGraphNode{nodeName='KTABLE-TOSTREAM-0000000021', buildPriority=18, hasWrittenToTopology=false, keyChangingOperation=false, valueChangingOperation=false, mergeNode=false, parentNodes=[KSTREAM-AGGREGATE-0000000017]} child nodes [ProcessorNode{processorParameters=ProcessorParameters{processor supplier class=null, fixed key processor supplier class=class org.apache.kafka.streams.kstream.internals.KStreamPeek, processor name='KSTREAM-PEEK-0000000022'}} StreamsGraphNode{nodeName='KSTREAM-PEEK-0000000022', buildPriority=19, hasWrittenToTopology=false, keyChangingOperation=false, valueChangingOperation=false, mergeNode=false, parentNodes=[KTABLE-TOSTREAM-0000000021]}]
23:09:18.388 [main] DEBUG org.apache.kafka.streams.kstream.internals.InternalStreamsBuilder -- Adding nodes to topology ProcessorNode{processorParameters=ProcessorParameters{processor supplier class=null, fixed key processor supplier class=class org.apache.kafka.streams.kstream.internals.KStreamPeek, processor name='KSTREAM-PEEK-0000000022'}} StreamsGraphNode{nodeName='KSTREAM-PEEK-0000000022', buildPriority=19, hasWrittenToTopology=false, keyChangingOperation=false, valueChangingOperation=false, mergeNode=false, parentNodes=[KTABLE-TOSTREAM-0000000021]} child nodes [StreamSinkNode{topicNameExtractor=StaticTopicNameExtractor(zmart.rewards), producedInternal=org.apache.kafka.streams.kstream.internals.ProducedInternal@62848e1e} StreamsGraphNode{nodeName='KSTREAM-SINK-0000000023', buildPriority=20, hasWrittenToTopology=false, keyChangingOperation=false, valueChangingOperation=false, mergeNode=false, parentNodes=[KSTREAM-PEEK-0000000022]}]
23:09:18.388 [main] DEBUG org.apache.kafka.streams.kstream.internals.InternalStreamsBuilder -- Adding nodes to topology StreamSinkNode{topicNameExtractor=StaticTopicNameExtractor(zmart.rewards), producedInternal=org.apache.kafka.streams.kstream.internals.ProducedInternal@62848e1e} StreamsGraphNode{nodeName='KSTREAM-SINK-0000000023', buildPriority=20, hasWrittenToTopology=false, keyChangingOperation=false, valueChangingOperation=false, mergeNode=false, parentNodes=[KSTREAM-PEEK-0000000022]} child nodes []
23:09:18.388 [main] DEBUG org.apache.kafka.streams.kstream.internals.InternalStreamsBuilder -- Adding nodes to topology StreamTableJoinNode{storeNames=[], processorParameters=ProcessorParameters{processor supplier class=class org.apache.kafka.streams.kstream.internals.KStreamGlobalKTableJoin, fixed key processor supplier class=null, processor name='KSTREAM-LEFTJOIN-0000000024'}, otherJoinSideNodeName='null'} StreamsGraphNode{nodeName='KSTREAM-LEFTJOIN-0000000024', buildPriority=21, hasWrittenToTopology=false, keyChangingOperation=false, valueChangingOperation=false, mergeNode=false, parentNodes=[KSTREAM-PEEK-0000000004]} child nodes [StreamSinkNode{topicNameExtractor=StaticTopicNameExtractor(zmart.purchases.enriched), producedInternal=org.apache.kafka.streams.kstream.internals.ProducedInternal@6b2e42c3} StreamsGraphNode{nodeName='KSTREAM-SINK-0000000025', buildPriority=22, hasWrittenToTopology=false, keyChangingOperation=false, valueChangingOperation=false, mergeNode=false, parentNodes=[KSTREAM-LEFTJOIN-0000000024]}]
23:09:18.388 [main] DEBUG org.apache.kafka.streams.kstream.internals.InternalStreamsBuilder -- Adding nodes to topology StreamSinkNode{topicNameExtractor=StaticTopicNameExtractor(zmart.purchases.enriched), producedInternal=org.apache.kafka.streams.kstream.internals.ProducedInternal@6b2e42c3} StreamsGraphNode{nodeName='KSTREAM-SINK-0000000025', buildPriority=22, hasWrittenToTopology=false, keyChangingOperation=false, valueChangingOperation=false, mergeNode=false, parentNodes=[KSTREAM-LEFTJOIN-0000000024]} child nodes []
23:09:18.389 [main] DEBUG org.apache.kafka.streams.processor.internals.InternalTopologyBuilder -- No source topics using pattern subscription found, initializing consumer's subscription collection.
23:09:18.389 [main] WARN org.apache.kafka.streams.processor.internals.StateDirectory -- Using an OS temp directory in the state.dir property can cause failures with writing the checkpoint file due to the fact that this directory can be cleared by the OS. Resolved state.dir: [/var/folders/kr/k4fhgbg50vn9g2fkckml2zfc0000gn/T//kafka-streams]
23:09:18.438 [main] INFO org.apache.kafka.streams.state.internals.RocksDBTimestampedStore -- Opening store store-global-store in regular mode
23:09:18.438 [main] DEBUG org.apache.kafka.streams.state.internals.metrics.RocksDBMetricsRecorder -- [RocksDB Metrics Recorder for store-global-store] Adding metrics recorder of task -1_-1 to metrics recording trigger
23:09:18.438 [main] DEBUG org.apache.kafka.streams.state.internals.metrics.RocksDBMetricsRecorder -- [RocksDB Metrics Recorder for store-global-store] Adding value providers for store store-global-store of task -1_-1
23:09:18.439 [main] INFO org.apache.kafka.streams.processor.internals.GlobalStateManagerImpl -- topology-test-driver Restoring state for global store store-global-store
23:09:18.439 [main] INFO org.apache.kafka.clients.consumer.internals.SubscriptionState -- Seeking to earliest offset of partition zmart.stores-0
23:09:18.439 [main] DEBUG org.apache.kafka.streams.processor.internals.ProcessorStateManager -- topology-test-driver Created state store manager for task 0_0
23:09:18.439 [main] DEBUG org.apache.kafka.streams.processor.internals.ProcessorStateManager -- topology-test-driver Register global stores [org.apache.kafka.streams.state.internals.MeteredTimestampedKeyValueStore@68ace111]
23:09:18.439 [main] DEBUG org.apache.kafka.streams.processor.internals.StreamTask -- stream-thread [main] task [0_0] Acquired state directory lock
23:09:18.490 [main] INFO org.apache.kafka.streams.state.internals.RocksDBTimestampedStore -- Opening store rewards-store in regular mode
23:09:18.490 [main] DEBUG org.apache.kafka.streams.state.internals.metrics.RocksDBMetricsRecorder -- [RocksDB Metrics Recorder for rewards-store] Adding metrics recorder of task 0_0 to metrics recording trigger
23:09:18.490 [main] DEBUG org.apache.kafka.streams.state.internals.metrics.RocksDBMetricsRecorder -- [RocksDB Metrics Recorder for rewards-store] Adding value providers for store rewards-store of task 0_0
23:09:18.491 [main] DEBUG org.apache.kafka.streams.processor.internals.ProcessorStateManager -- topology-test-driver Registered state store rewards-store to its state manager
23:09:18.491 [main] DEBUG org.apache.kafka.streams.processor.internals.StreamTask -- stream-thread [main] task [0_0] Registered state stores
23:09:18.491 [main] INFO org.apache.kafka.streams.processor.internals.ProcessorStateManager -- topology-test-driver State store rewards-store did not find checkpoint offset, hence would default to the starting offset at changelog zmart-test-rewards-store-changelog-0
23:09:18.491 [main] DEBUG org.apache.kafka.streams.processor.internals.StreamTask -- stream-thread [main] task [0_0] Initialized state stores
23:09:18.491 [main] INFO org.apache.kafka.streams.processor.internals.StreamTask -- stream-thread [main] task [0_0] Initialized
23:09:18.491 [main] DEBUG org.apache.kafka.streams.processor.internals.StreamTask -- stream-thread [main] task [0_0] No committed offset for partition zmart-test-rewards-store-repartition-0, therefore no timestamp can be found for this partition
23:09:18.491 [main] DEBUG org.apache.kafka.streams.processor.internals.StreamTask -- stream-thread [main] task [0_0] No committed offset for partition zmart.purchases.raw-0, therefore no timestamp can be found for this partition
23:09:18.491 [main] DEBUG org.apache.kafka.streams.processor.internals.StreamTask -- stream-thread [main] task [0_0] Checkpointable offsets {}
23:09:18.491 [main] DEBUG org.apache.kafka.streams.processor.internals.ProcessorStateManager -- topology-test-driver Flushing all stores registered in the state manager: {rewards-store=StateStoreMetadata (rewards-store : zmart-test-rewards-store-changelog-0 @ null}
23:09:18.491 [main] DEBUG org.apache.kafka.streams.processor.internals.ProcessorStateManager -- topology-test-driver Writing checkpoint: {zmart-test-rewards-store-changelog-0=-4} for task 0_0
23:09:18.495 [main] INFO org.apache.kafka.streams.processor.internals.StreamTask -- stream-thread [main] task [0_0] Restored and ready to run
23:09:18.496 [main] DEBUG com.example.zmart.ZMartTopology -- [MASK] key=key-2 cc=XXXX-XXXX-XXXX-9101
23:09:18.496 [main] DEBUG com.example.zmart.ZMartTopology -- [PATTERN] zip=00000 item=Test Item
23:09:18.497 [main] DEBUG org.apache.kafka.streams.processor.internals.ProcessorStateManager -- topology-test-driver Flushing all store caches registered in the state manager: {rewards-store=StateStoreMetadata (rewards-store : zmart-test-rewards-store-changelog-0 @ null}
23:09:18.497 [main] DEBUG org.apache.kafka.streams.processor.internals.RecordCollectorImpl -- topology-test-driver Flushing record collector
23:09:18.497 [main] DEBUG org.apache.kafka.streams.processor.internals.StreamTask -- stream-thread [main] task [0_0] Prepared RUNNING task for committing
23:09:18.497 [main] DEBUG org.apache.kafka.streams.processor.internals.StreamTask -- stream-thread [main] task [0_0] Checkpointable offsets {zmart.purchase.patterns-0=0, zmart-test-rewards-store-repartition-0=0, zmart.purchases.raw-0=0, zmart.purchases.masked-0=0}
23:09:18.497 [main] DEBUG org.apache.kafka.streams.processor.internals.ProcessorStateManager -- topology-test-driver Flushing all stores registered in the state manager: {rewards-store=StateStoreMetadata (rewards-store : zmart-test-rewards-store-changelog-0 @ null}
23:09:18.497 [main] DEBUG org.apache.kafka.streams.processor.internals.ProcessorStateManager -- topology-test-driver Writing checkpoint: {zmart-test-rewards-store-changelog-0=-4} for task 0_0
23:09:18.499 [main] DEBUG org.apache.kafka.streams.processor.internals.StreamTask -- stream-thread [main] task [0_0] Finalized commit for RUNNING task with eos false enforce checkpoint true
23:09:18.499 [main] DEBUG org.apache.kafka.streams.processor.internals.ProcessorStateManager -- topology-test-driver Flushing all store caches registered in the state manager: {rewards-store=StateStoreMetadata (rewards-store : zmart-test-rewards-store-changelog-0 @ null}
23:09:18.500 [main] INFO com.example.zmart.ZMartTopology -- [REWARDS] cust-002 → 2500 pts ($25.00 total)
23:09:18.500 [main] DEBUG org.apache.kafka.streams.processor.internals.RecordCollectorImpl -- topology-test-driver Flushing record collector
23:09:18.500 [main] DEBUG org.apache.kafka.streams.processor.internals.StreamTask -- stream-thread [main] task [0_0] Prepared RUNNING task for committing
23:09:18.500 [main] DEBUG org.apache.kafka.streams.processor.internals.StreamTask -- stream-thread [main] task [0_0] Checkpointable offsets {zmart.purchase.patterns-0=0, zmart-test-rewards-store-repartition-0=0, zmart.rewards-0=0, zmart.purchases.raw-0=0, zmart.purchases.masked-0=0, zmart-test-rewards-store-changelog-0=0}
23:09:18.500 [main] DEBUG org.apache.kafka.streams.processor.internals.ProcessorStateManager -- topology-test-driver State store rewards-store updated to written offset 0 at changelog zmart-test-rewards-store-changelog-0
23:09:18.500 [main] DEBUG org.apache.kafka.streams.processor.internals.ProcessorStateManager -- topology-test-driver Flushing all stores registered in the state manager: {rewards-store=StateStoreMetadata (rewards-store : zmart-test-rewards-store-changelog-0 @ 0}
23:09:18.508 [main] DEBUG org.apache.kafka.streams.processor.internals.ProcessorStateManager -- topology-test-driver Writing checkpoint: {zmart-test-rewards-store-changelog-0=0} for task 0_0
23:09:18.510 [main] DEBUG org.apache.kafka.streams.processor.internals.StreamTask -- stream-thread [main] task [0_0] Finalized commit for RUNNING task with eos false enforce checkpoint true
23:09:18.511 [main] INFO org.apache.kafka.streams.processor.internals.StreamTask -- stream-thread [main] task [0_0] Suspended from RUNNING
23:09:18.511 [main] DEBUG org.apache.kafka.streams.processor.internals.StreamTask -- stream-thread [main] task [0_0] Skipped preparing SUSPENDED task for commit since there is nothing to commit
23:09:18.511 [main] DEBUG org.apache.kafka.streams.processor.internals.StreamTask -- stream-thread [main] task [0_0] Checkpointable offsets {zmart.purchase.patterns-0=0, zmart-test-rewards-store-repartition-0=0, zmart.rewards-0=0, zmart.purchases.raw-0=0, zmart.purchases.masked-0=0, zmart-test-rewards-store-changelog-0=0}
23:09:18.511 [main] DEBUG org.apache.kafka.streams.processor.internals.ProcessorStateManager -- topology-test-driver State store rewards-store updated to written offset 0 at changelog zmart-test-rewards-store-changelog-0
23:09:18.511 [main] DEBUG org.apache.kafka.streams.processor.internals.ProcessorStateManager -- topology-test-driver Flushing all stores registered in the state manager: {rewards-store=StateStoreMetadata (rewards-store : zmart-test-rewards-store-changelog-0 @ 0}
23:09:18.514 [main] DEBUG org.apache.kafka.streams.processor.internals.ProcessorStateManager -- topology-test-driver Writing checkpoint: {zmart-test-rewards-store-changelog-0=0} for task 0_0
23:09:18.518 [main] DEBUG org.apache.kafka.streams.processor.internals.StreamTask -- stream-thread [main] task [0_0] Finalized commit for SUSPENDED task with enforce checkpoint true
23:09:18.518 [main] DEBUG org.apache.kafka.streams.processor.internals.ProcessorStateManager -- topology-test-driver Closing its state manager and all the registered state stores: {rewards-store=StateStoreMetadata (rewards-store : zmart-test-rewards-store-changelog-0 @ 0}
23:09:18.518 [main] DEBUG org.apache.kafka.streams.state.internals.metrics.RocksDBMetricsRecorder -- [RocksDB Metrics Recorder for rewards-store] Removing value providers for store rewards-store of task 0_0
23:09:18.518 [main] DEBUG org.apache.kafka.streams.state.internals.metrics.RocksDBMetricsRecorder -- [RocksDB Metrics Recorder for rewards-store] Removing metrics recorder for store rewards-store of task 0_0 from metrics recording trigger
23:09:18.519 [main] DEBUG org.apache.kafka.streams.processor.internals.StateDirectory -- stream-thread [main] Released state dir lock for task 0_0
23:09:18.519 [main] INFO org.apache.kafka.streams.processor.internals.RecordCollectorImpl -- topology-test-driver Closing record collector clean
23:09:18.519 [main] INFO org.apache.kafka.streams.processor.internals.StreamTask -- stream-thread [main] task [0_0] Closed clean
23:09:18.519 [main] DEBUG org.apache.kafka.streams.processor.internals.GlobalStateManagerImpl -- topology-test-driver Closing global storage engine store-global-store
23:09:18.519 [main] DEBUG org.apache.kafka.streams.state.internals.metrics.RocksDBMetricsRecorder -- [RocksDB Metrics Recorder for store-global-store] Removing value providers for store store-global-store of task -1_-1
23:09:18.519 [main] DEBUG org.apache.kafka.streams.state.internals.metrics.RocksDBMetricsRecorder -- [RocksDB Metrics Recorder for store-global-store] Removing metrics recorder for store store-global-store of task -1_-1 from metrics recording trigger
23:09:18.520 [main] INFO org.apache.kafka.streams.processor.internals.StateDirectory -- stream-thread [main] Deleting task directory 0_0 for 0_0 as user calling cleanup.
]]></system-out>
  </testcase>
  <testcase name="maskCreditCard_shouldHandleNullGracefully" classname="com.example.zmart.ZMartTopologyTest" time="0.222">
    <system-out><![CDATA[23:09:18.524 [main] DEBUG org.apache.kafka.streams.kstream.internals.InternalStreamsBuilder -- Optimizing the Kafka Streams graph for null-key records
23:09:18.524 [main] DEBUG org.apache.kafka.streams.kstream.internals.InternalStreamsBuilder -- Adding nodes to topology StreamsGraphNode{nodeName='root', buildPriority=null, hasWrittenToTopology=false, keyChangingOperation=false, valueChangingOperation=false, mergeNode=false, parentNodes=[]} child nodes [TableSourceNode{materializedInternal=org.apache.kafka.streams.kstream.internals.MaterializedInternal@91c4a3f, processorParameters=ProcessorParameters{processor supplier class=class org.apache.kafka.streams.kstream.internals.KTableSource, fixed key processor supplier class=null, processor name='KTABLE-SOURCE-0000000001'}, sourceName='KSTREAM-SOURCE-0000000000', isGlobalKTable=true} StreamsGraphNode{nodeName='null', buildPriority=0, hasWrittenToTopology=false, keyChangingOperation=false, valueChangingOperation=false, mergeNode=false, parentNodes=[root]}, StreamSourceNode{topicNames=[zmart.purchases.raw], topicPattern=null, consumedInternal=org.apache.kafka.streams.kstream.internals.ConsumedInternal@414ad7a3} StreamsGraphNode{nodeName='KSTREAM-SOURCE-0000000002', buildPriority=1, hasWrittenToTopology=false, keyChangingOperation=false, valueChangingOperation=false, mergeNode=false, parentNodes=[root]}]
23:09:18.524 [main] DEBUG org.apache.kafka.streams.kstream.internals.InternalStreamsBuilder -- Adding nodes to topology TableSourceNode{materializedInternal=org.apache.kafka.streams.kstream.internals.MaterializedInternal@91c4a3f, processorParameters=ProcessorParameters{processor supplier class=class org.apache.kafka.streams.kstream.internals.KTableSource, fixed key processor supplier class=null, processor name='KTABLE-SOURCE-0000000001'}, sourceName='KSTREAM-SOURCE-0000000000', isGlobalKTable=true} StreamsGraphNode{nodeName='null', buildPriority=0, hasWrittenToTopology=false, keyChangingOperation=false, valueChangingOperation=false, mergeNode=false, parentNodes=[root]} child nodes []
23:09:18.524 [main] DEBUG org.apache.kafka.streams.kstream.internals.InternalStreamsBuilder -- Adding nodes to topology StreamSourceNode{topicNames=[zmart.purchases.raw], topicPattern=null, consumedInternal=org.apache.kafka.streams.kstream.internals.ConsumedInternal@414ad7a3} StreamsGraphNode{nodeName='KSTREAM-SOURCE-0000000002', buildPriority=1, hasWrittenToTopology=false, keyChangingOperation=false, valueChangingOperation=false, mergeNode=false, parentNodes=[root]} child nodes [ProcessorNode{processorParameters=ProcessorParameters{processor supplier class=null, fixed key processor supplier class=class org.apache.kafka.streams.kstream.internals.KStreamMapValues, processor name='KSTREAM-MAPVALUES-0000000003'}} StreamsGraphNode{nodeName='KSTREAM-MAPVALUES-0000000003', buildPriority=2, hasWrittenToTopology=false, keyChangingOperation=false, valueChangingOperation=true, mergeNode=false, parentNodes=[KSTREAM-SOURCE-0000000002]}]
23:09:18.524 [main] DEBUG org.apache.kafka.streams.kstream.internals.InternalStreamsBuilder -- Adding nodes to topology ProcessorNode{processorParameters=ProcessorParameters{processor supplier class=null, fixed key processor supplier class=class org.apache.kafka.streams.kstream.internals.KStreamMapValues, processor name='KSTREAM-MAPVALUES-0000000003'}} StreamsGraphNode{nodeName='KSTREAM-MAPVALUES-0000000003', buildPriority=2, hasWrittenToTopology=false, keyChangingOperation=false, valueChangingOperation=true, mergeNode=false, parentNodes=[KSTREAM-SOURCE-0000000002]} child nodes [ProcessorNode{processorParameters=ProcessorParameters{processor supplier class=null, fixed key processor supplier class=class org.apache.kafka.streams.kstream.internals.KStreamPeek, processor name='KSTREAM-PEEK-0000000004'}} StreamsGraphNode{nodeName='KSTREAM-PEEK-0000000004', buildPriority=3, hasWrittenToTopology=false, keyChangingOperation=false, valueChangingOperation=false, mergeNode=false, parentNodes=[KSTREAM-MAPVALUES-0000000003]}]
23:09:18.524 [main] DEBUG org.apache.kafka.streams.kstream.internals.InternalStreamsBuilder -- Adding nodes to topology ProcessorNode{processorParameters=ProcessorParameters{processor supplier class=null, fixed key processor supplier class=class org.apache.kafka.streams.kstream.internals.KStreamPeek, processor name='KSTREAM-PEEK-0000000004'}} StreamsGraphNode{nodeName='KSTREAM-PEEK-0000000004', buildPriority=3, hasWrittenToTopology=false, keyChangingOperation=false, valueChangingOperation=false, mergeNode=false, parentNodes=[KSTREAM-MAPVALUES-0000000003]} child nodes [ProcessorNode{processorParameters=ProcessorParameters{processor supplier class=null, fixed key processor supplier class=class org.apache.kafka.streams.kstream.internals.KStreamFilter, processor name='KSTREAM-FILTER-0000000005'}} StreamsGraphNode{nodeName='KSTREAM-FILTER-0000000005', buildPriority=4, hasWrittenToTopology=false, keyChangingOperation=false, valueChangingOperation=false, mergeNode=false, parentNodes=[KSTREAM-PEEK-0000000004]}, StreamTableJoinNode{storeNames=[], processorParameters=ProcessorParameters{processor supplier class=class org.apache.kafka.streams.kstream.internals.KStreamGlobalKTableJoin, fixed key processor supplier class=null, processor name='KSTREAM-LEFTJOIN-0000000024'}, otherJoinSideNodeName='null'} StreamsGraphNode{nodeName='KSTREAM-LEFTJOIN-0000000024', buildPriority=21, hasWrittenToTopology=false, keyChangingOperation=false, valueChangingOperation=false, mergeNode=false, parentNodes=[KSTREAM-PEEK-0000000004]}]
[...]
23:09:20.601 [main] DEBUG org.apache.kafka.streams.kstream.internals.InternalStreamsBuilder -- Adding nodes to topology StreamSinkNode{topicNameExtractor=StaticTopicNameExtractor(zmart.purchases.clothing), producedInternal=org.apache.kafka.streams.kstream.internals.ProducedInternal@85992494} StreamsGraphNode{nodeName='KSTREAM-SINK-0000000011', buildPriority=10, hasWrittenToTopology=false, keyChangingOperation=false, valueChangingOperation=false, mergeNode=false, parentNodes=[dept-clothing]} child nodes []
23:09:20.601 [main] DEBUG org.apache.kafka.streams.kstream.internals.InternalStreamsBuilder -- Adding nodes to topology StreamSinkNode{topicNameExtractor=StaticTopicNameExtractor(zmart.purchases.masked), producedInternal=org.apache.kafka.streams.kstream.internals.ProducedInternal@a4ad201b} StreamsGraphNode{nodeName='KSTREAM-SINK-0000000012', buildPriority=11, hasWrittenToTopology=false, keyChangingOperation=false, valueChangingOperation=false, mergeNode=false, parentNodes=[dept-other]} child nodes []
23:09:20.601 [main] DEBUG org.apache.kafka.streams.kstream.internals.InternalStreamsBuilder -- Adding nodes to topology ProcessorNode{processorParameters=ProcessorParameters{processor supplier class=null, fixed key processor supplier class=class org.apache.kafka.streams.kstream.internals.KStreamMapValues, processor name='KSTREAM-MAPVALUES-0000000013'}} StreamsGraphNode{nodeName='KSTREAM-MAPVALUES-0000000013', buildPriority=12, hasWrittenToTopology=false, keyChangingOperation=false, valueChangingOperation=true, mergeNode=false, parentNodes=[KSTREAM-FILTER-0000000005]} child nodes [ProcessorNode{processorParameters=ProcessorParameters{processor supplier class=null, fixed key processor supplier class=class org.apache.kafka.streams.kstream.internals.KStreamPeek, processor name='KSTREAM-PEEK-0000000014'}} StreamsGraphNode{nodeName='KSTREAM-PEEK-0000000014', buildPriority=13, hasWrittenToTopology=false, keyChangingOperation=false, valueChangingOperation=false, mergeNode=false, parentNodes=[KSTREAM-MAPVALUES-0000000013]}]
23:09:20.601 [main] DEBUG org.apache.kafka.streams.kstream.internals.InternalStreamsBuilder -- Adding nodes to topology ProcessorNode{processorParameters=ProcessorParameters{processor supplier class=null, fixed key processor supplier class=class org.apache.kafka.streams.kstream.internals.KStreamPeek, processor name='KSTREAM-PEEK-0000000014'}} StreamsGraphNode{nodeName='KSTREAM-PEEK-0000000014', buildPriority=13, hasWrittenToTopology=false, keyChangingOperation=false, valueChangingOperation=false, mergeNode=false, parentNodes=[KSTREAM-MAPVALUES-0000000013]} child nodes [StreamSinkNode{topicNameExtractor=StaticTopicNameExtractor(zmart.purchase.patterns), producedInternal=org.apache.kafka.streams.kstream.internals.ProducedInternal@f4335d7} StreamsGraphNode{nodeName='KSTREAM-SINK-0000000015', buildPriority=14, hasWrittenToTopology=false, keyChangingOperation=false, valueChangingOperation=false, mergeNode=false, parentNodes=[KSTREAM-PEEK-0000000014]}]
23:09:20.601 [main] DEBUG org.apache.kafka.streams.kstream.internals.InternalStreamsBuilder -- Adding nodes to topology StreamSinkNode{topicNameExtractor=StaticTopicNameExtractor(zmart.purchase.patterns), producedInternal=org.apache.kafka.streams.kstream.internals.ProducedInternal@f4335d7} StreamsGraphNode{nodeName='KSTREAM-SINK-0000000015', buildPriority=14, hasWrittenToTopology=false, keyChangingOperation=false, valueChangingOperation=false, mergeNode=false, parentNodes=[KSTREAM-PEEK-0000000014]} child nodes []
23:09:20.601 [main] DEBUG org.apache.kafka.streams.kstream.internals.InternalStreamsBuilder -- Adding nodes to topology ProcessorNode{processorParameters=ProcessorParameters{processor supplier class=class org.apache.kafka.streams.kstream.internals.KStreamMap, fixed key processor supplier class=null, processor name='KSTREAM-KEY-SELECT-0000000016'}} StreamsGraphNode{nodeName='KSTREAM-KEY-SELECT-0000000016', buildPriority=15, hasWrittenToTopology=false, keyChangingOperation=true, valueChangingOperation=false, mergeNode=false, parentNodes=[KSTREAM-FILTER-0000000005]} child nodes [OptimizableRepartitionNode{ BaseRepartitionNode{keySerde=org.apache.kafka.common.serialization.Serdes$StringSerde@6da9dc6, valueSerde=org.apache.kafka.common.serialization.Serdes$WrapperSerde@7fd69dd, sinkName='rewards-store-repartition-sink', sourceName='rewards-store-repartition-source', repartitionTopic='rewards-store-repartition', processorParameters=ProcessorParameters{processor supplier class=null, fixed key processor supplier class=class org.apache.kafka.streams.kstream.internals.KStreamFilter, processor name='rewards-store-repartition-filter'}', partitioner=null, internalTopicProperties=InternalTopicProperties{numberOfPartitions=null}} StreamsGraphNode{nodeName='rewards-store-repartition-source', buildPriority=16, hasWrittenToTopology=false, keyChangingOperation=false, valueChangingOperation=false, mergeNode=false, parentNodes=[KSTREAM-KEY-SELECT-0000000016]} }]
23:09:20.601 [main] DEBUG org.apache.kafka.streams.kstream.internals.InternalStreamsBuilder -- Adding nodes to topology OptimizableRepartitionNode{ BaseRepartitionNode{keySerde=org.apache.kafka.common.serialization.Serdes$StringSerde@6da9dc6, valueSerde=org.apache.kafka.common.serialization.Serdes$WrapperSerde@7fd69dd, sinkName='rewards-store-repartition-sink', sourceName='rewards-store-repartition-source', repartitionTopic='rewards-store-repartition', processorParameters=ProcessorParameters{processor supplier class=null, fixed key processor supplier class=class org.apache.kafka.streams.kstream.internals.KStreamFilter, processor name='rewards-store-repartition-filter'}', partitioner=null, internalTopicProperties=InternalTopicProperties{numberOfPartitions=null}} StreamsGraphNode{nodeName='rewards-store-repartition-source', buildPriority=16, hasWrittenToTopology=false, keyChangingOperation=false, valueChangingOperation=false, mergeNode=false, parentNodes=[KSTREAM-KEY-SELECT-0000000016]} } child nodes [StatefulProcessorNode{storeNames=null, storeBuilder=org.apache.kafka.streams.kstream.internals.KeyValueStoreMaterializer@12010fd1} ProcessorNode{processorParameters=ProcessorParameters{processor supplier class=class org.apache.kafka.streams.kstream.internals.KStreamAggregate, fixed key processor supplier class=null, processor name='KSTREAM-AGGREGATE-0000000017'}} StreamsGraphNode{nodeName='KSTREAM-AGGREGATE-0000000017', buildPriority=17, hasWrittenToTopology=false, keyChangingOperation=false, valueChangingOperation=false, mergeNode=false, parentNodes=[rewards-store-repartition-source]}]
23:09:20.601 [main] DEBUG org.apache.kafka.streams.kstream.internals.InternalStreamsBuilder -- Adding nodes to topology StatefulProcessorNode{storeNames=null, storeBuilder=org.apache.kafka.streams.kstream.internals.KeyValueStoreMaterializer@12010fd1} ProcessorNode{processorParameters=ProcessorParameters{processor supplier class=class org.apache.kafka.streams.kstream.internals.KStreamAggregate, fixed key processor supplier class=null, processor name='KSTREAM-AGGREGATE-0000000017'}} StreamsGraphNode{nodeName='KSTREAM-AGGREGATE-0000000017', buildPriority=17, hasWrittenToTopology=false, keyChangingOperation=false, valueChangingOperation=false, mergeNode=false, parentNodes=[rewards-store-repartition-source]} child nodes [ProcessorNode{processorParameters=ProcessorParameters{processor supplier class=null, fixed key processor supplier class=class org.apache.kafka.streams.kstream.internals.KStreamMapValues, processor name='KTABLE-TOSTREAM-0000000021'}} StreamsGraphNode{nodeName='KTABLE-TOSTREAM-0000000021', buildPriority=18, hasWrittenToTopology=false, keyChangingOperation=false, valueChangingOperation=false, mergeNode=false, parentNodes=[KSTREAM-AGGREGATE-0000000017]}]
23:09:20.601 [main] DEBUG org.apache.kafka.streams.kstream.internals.InternalStreamsBuilder -- Adding nodes to topology ProcessorNode{processorParameters=ProcessorParameters{processor supplier class=null, fixed key processor supplier class=class org.apache.kafka.streams.kstream.internals.KStreamMapValues, processor name='KTABLE-TOSTREAM-0000000021'}} StreamsGraphNode{nodeName='KTABLE-TOSTREAM-0000000021', buildPriority=18, hasWrittenToTopology=false, keyChangingOperation=false, valueChangingOperation=false, mergeNode=false, parentNodes=[KSTREAM-AGGREGATE-0000000017]} child nodes [ProcessorNode{processorParameters=ProcessorParameters{processor supplier class=null, fixed key processor supplier class=class org.apache.kafka.streams.kstream.internals.KStreamPeek, processor name='KSTREAM-PEEK-0000000022'}} StreamsGraphNode{nodeName='KSTREAM-PEEK-0000000022', buildPriority=19, hasWrittenToTopology=false, keyChangingOperation=false, valueChangingOperation=false, mergeNode=false, parentNodes=[KTABLE-TOSTREAM-0000000021]}]
23:09:20.601 [main] DEBUG org.apache.kafka.streams.kstream.internals.InternalStreamsBuilder -- Adding nodes to topology ProcessorNode{processorParameters=ProcessorParameters{processor supplier class=null, fixed key processor supplier class=class org.apache.kafka.streams.kstream.internals.KStreamPeek, processor name='KSTREAM-PEEK-0000000022'}} StreamsGraphNode{nodeName='KSTREAM-PEEK-0000000022', buildPriority=19, hasWrittenToTopology=false, keyChangingOperation=false, valueChangingOperation=false, mergeNode=false, parentNodes=[KTABLE-TOSTREAM-0000000021]} child nodes [StreamSinkNode{topicNameExtractor=StaticTopicNameExtractor(zmart.rewards), producedInternal=org.apache.kafka.streams.kstream.internals.ProducedInternal@b9a59568} StreamsGraphNode{nodeName='KSTREAM-SINK-0000000023', buildPriority=20, hasWrittenToTopology=false, keyChangingOperation=false, valueChangingOperation=false, mergeNode=false, parentNodes=[KSTREAM-PEEK-0000000022]}]
23:09:20.601 [main] DEBUG org.apache.kafka.streams.kstream.internals.InternalStreamsBuilder -- Adding nodes to topology StreamSinkNode{topicNameExtractor=StaticTopicNameExtractor(zmart.rewards), producedInternal=org.apache.kafka.streams.kstream.internals.ProducedInternal@b9a59568} StreamsGraphNode{nodeName='KSTREAM-SINK-0000000023', buildPriority=20, hasWrittenToTopology=false, keyChangingOperation=false, valueChangingOperation=false, mergeNode=false, parentNodes=[KSTREAM-PEEK-0000000022]} child nodes []
23:09:20.601 [main] DEBUG org.apache.kafka.streams.kstream.internals.InternalStreamsBuilder -- Adding nodes to topology StreamTableJoinNode{storeNames=[], processorParameters=ProcessorParameters{processor supplier class=class org.apache.kafka.streams.kstream.internals.KStreamGlobalKTableJoin, fixed key processor supplier class=null, processor name='KSTREAM-LEFTJOIN-0000000024'}, otherJoinSideNodeName='null'} StreamsGraphNode{nodeName='KSTREAM-LEFTJOIN-0000000024', buildPriority=21, hasWrittenToTopology=false, keyChangingOperation=false, valueChangingOperation=false, mergeNode=false, parentNodes=[KSTREAM-PEEK-0000000004]} child nodes [StreamSinkNode{topicNameExtractor=StaticTopicNameExtractor(zmart.purchases.enriched), producedInternal=org.apache.kafka.streams.kstream.internals.ProducedInternal@eb6054dd} StreamsGraphNode{nodeName='KSTREAM-SINK-0000000025', buildPriority=22, hasWrittenToTopology=false, keyChangingOperation=false, valueChangingOperation=false, mergeNode=false, parentNodes=[KSTREAM-LEFTJOIN-0000000024]}]
23:09:20.601 [main] DEBUG org.apache.kafka.streams.kstream.internals.InternalStreamsBuilder -- Adding nodes to topology StreamSinkNode{topicNameExtractor=StaticTopicNameExtractor(zmart.purchases.enriched), producedInternal=org.apache.kafka.streams.kstream.internals.ProducedInternal@eb6054dd} StreamsGraphNode{nodeName='KSTREAM-SINK-0000000025', buildPriority=22, hasWrittenToTopology=false, keyChangingOperation=false, valueChangingOperation=false, mergeNode=false, parentNodes=[KSTREAM-LEFTJOIN-0000000024]} child nodes []
23:09:20.602 [main] DEBUG org.apache.kafka.streams.processor.internals.InternalTopologyBuilder -- No source topics using pattern subscription found, initializing consumer's subscription collection.
23:09:20.602 [main] WARN org.apache.kafka.streams.processor.internals.StateDirectory -- Using an OS temp directory in the state.dir property can cause failures with writing the checkpoint file due to the fact that this directory can be cleared by the OS. Resolved state.dir: [/var/folders/kr/k4fhgbg50vn9g2fkckml2zfc0000gn/T//kafka-streams]
23:09:20.656 [main] INFO org.apache.kafka.streams.state.internals.RocksDBTimestampedStore -- Opening store store-global-store in regular mode
23:09:20.656 [main] DEBUG org.apache.kafka.streams.state.internals.metrics.RocksDBMetricsRecorder -- [RocksDB Metrics Recorder for store-global-store] Adding metrics recorder of task -1_-1 to metrics recording trigger
23:09:20.656 [main] DEBUG org.apache.kafka.streams.state.internals.metrics.RocksDBMetricsRecorder -- [RocksDB Metrics Recorder for store-global-store] Adding value providers for store store-global-store of task -1_-1
23:09:20.656 [main] INFO org.apache.kafka.streams.processor.internals.GlobalStateManagerImpl -- topology-test-driver Restoring state for global store store-global-store
23:09:20.656 [main] INFO org.apache.kafka.clients.consumer.internals.SubscriptionState -- Seeking to earliest offset of partition zmart.stores-0
23:09:20.656 [main] DEBUG org.apache.kafka.streams.processor.internals.ProcessorStateManager -- topology-test-driver Created state store manager for task 0_0
23:09:20.657 [main] DEBUG org.apache.kafka.streams.processor.internals.ProcessorStateManager -- topology-test-driver Register global stores [org.apache.kafka.streams.state.internals.MeteredTimestampedKeyValueStore@1128620c]
23:09:20.657 [main] DEBUG org.apache.kafka.streams.processor.internals.StreamTask -- stream-thread [main] task [0_0] Acquired state directory lock
23:09:20.710 [main] INFO org.apache.kafka.streams.state.internals.RocksDBTimestampedStore -- Opening store rewards-store in regular mode
23:09:20.710 [main] DEBUG org.apache.kafka.streams.state.internals.metrics.RocksDBMetricsRecorder -- [RocksDB Metrics Recorder for rewards-store] Adding metrics recorder of task 0_0 to metrics recording trigger
23:09:20.711 [main] DEBUG org.apache.kafka.streams.state.internals.metrics.RocksDBMetricsRecorder -- [RocksDB Metrics Recorder for rewards-store] Adding value providers for store rewards-store of task 0_0
23:09:20.711 [main] DEBUG org.apache.kafka.streams.processor.internals.ProcessorStateManager -- topology-test-driver Registered state store rewards-store to its state manager
23:09:20.711 [main] DEBUG org.apache.kafka.streams.processor.internals.StreamTask -- stream-thread [main] task [0_0] Registered state stores
23:09:20.711 [main] INFO org.apache.kafka.streams.processor.internals.ProcessorStateManager -- topology-test-driver State store rewards-store did not find checkpoint offset, hence would default to the starting offset at changelog zmart-test-rewards-store-changelog-0
23:09:20.711 [main] DEBUG org.apache.kafka.streams.processor.internals.StreamTask -- stream-thread [main] task [0_0] Initialized state stores
23:09:20.711 [main] INFO org.apache.kafka.streams.processor.internals.StreamTask -- stream-thread [main] task [0_0] Initialized
23:09:20.711 [main] DEBUG org.apache.kafka.streams.processor.internals.StreamTask -- stream-thread [main] task [0_0] No committed offset for partition zmart-test-rewards-store-repartition-0, therefore no timestamp can be found for this partition
23:09:20.711 [main] DEBUG org.apache.kafka.streams.processor.internals.StreamTask -- stream-thread [main] task [0_0] No committed offset for partition zmart.purchases.raw-0, therefore no timestamp can be found for this partition
23:09:20.711 [main] DEBUG org.apache.kafka.streams.processor.internals.StreamTask -- stream-thread [main] task [0_0] Checkpointable offsets {}
23:09:20.711 [main] DEBUG org.apache.kafka.streams.processor.internals.ProcessorStateManager -- topology-test-driver Flushing all stores registered in the state manager: {rewards-store=StateStoreMetadata (rewards-store : zmart-test-rewards-store-changelog-0 @ null}
23:09:20.712 [main] DEBUG org.apache.kafka.streams.processor.internals.ProcessorStateManager -- topology-test-driver Writing checkpoint: {zmart-test-rewards-store-changelog-0=-4} for task 0_0
23:09:20.715 [main] INFO org.apache.kafka.streams.processor.internals.StreamTask -- stream-thread [main] task [0_0] Restored and ready to run
23:09:20.716 [main] INFO org.apache.kafka.streams.processor.internals.StreamTask -- stream-thread [main] task [0_0] Suspended from RUNNING
23:09:20.716 [main] DEBUG org.apache.kafka.streams.processor.internals.StreamTask -- stream-thread [main] task [0_0] Skipped preparing SUSPENDED task for commit since there is nothing to commit
23:09:20.716 [main] DEBUG org.apache.kafka.streams.processor.internals.StreamTask -- stream-thread [main] task [0_0] Checkpointable offsets {}
23:09:20.716 [main] DEBUG org.apache.kafka.streams.processor.internals.ProcessorStateManager -- topology-test-driver Flushing all stores registered in the state manager: {rewards-store=StateStoreMetadata (rewards-store : zmart-test-rewards-store-changelog-0 @ null}
23:09:20.717 [main] DEBUG org.apache.kafka.streams.processor.internals.ProcessorStateManager -- topology-test-driver Writing checkpoint: {zmart-test-rewards-store-changelog-0=-4} for task 0_0
23:09:20.719 [main] DEBUG org.apache.kafka.streams.processor.internals.StreamTask -- stream-thread [main] task [0_0] Finalized commit for SUSPENDED task with enforce checkpoint true
23:09:20.719 [main] DEBUG org.apache.kafka.streams.processor.internals.ProcessorStateManager -- topology-test-driver Closing its state manager and all the registered state stores: {rewards-store=StateStoreMetadata (rewards-store : zmart-test-rewards-store-changelog-0 @ null}
23:09:20.719 [main] DEBUG org.apache.kafka.streams.state.internals.metrics.RocksDBMetricsRecorder -- [RocksDB Metrics Recorder for rewards-store] Removing value providers for store rewards-store of task 0_0
23:09:20.719 [main] DEBUG org.apache.kafka.streams.state.internals.metrics.RocksDBMetricsRecorder -- [RocksDB Metrics Recorder for rewards-store] Removing metrics recorder for store rewards-store of task 0_0 from metrics recording trigger
23:09:20.720 [main] DEBUG org.apache.kafka.streams.processor.internals.StateDirectory -- stream-thread [main] Released state dir lock for task 0_0
23:09:20.720 [main] INFO org.apache.kafka.streams.processor.internals.RecordCollectorImpl -- topology-test-driver Closing record collector clean
23:09:20.720 [main] INFO org.apache.kafka.streams.processor.internals.StreamTask -- stream-thread [main] task [0_0] Closed clean
23:09:20.720 [main] DEBUG org.apache.kafka.streams.processor.internals.GlobalStateManagerImpl -- topology-test-driver Closing global storage engine store-global-store
23:09:20.720 [main] DEBUG org.apache.kafka.streams.state.internals.metrics.RocksDBMetricsRecorder -- [RocksDB Metrics Recorder for store-global-store] Removing value providers for store store-global-store of task -1_-1
23:09:20.720 [main] DEBUG org.apache.kafka.streams.state.internals.metrics.RocksDBMetricsRecorder -- [RocksDB Metrics Recorder for store-global-store] Removing metrics recorder for store store-global-store of task -1_-1 from metrics recording trigger
23:09:20.721 [main] INFO org.apache.kafka.streams.processor.internals.StateDirectory -- stream-thread [main] Deleting task directory 0_0 for 0_0 as user calling cleanup.
]]></system-out>
  </testcase>
</testsuite>